Using pre-set license
Built from 'trunk' branch; Version is '2021.2.0a14 (462ae11b66db) revision 4598497'; Using compiler version '192829333'; Build Type 'Release'
OS: 'Windows 10 Pro; OS build 19042.928; Version 2009; 64bit' Language: 'ru' Physical Memory: 8051 MB
BatchMode: 1, IsHumanControllingUs: 0, StartBugReporterOnCrash: 0, Is64bit: 1, IsPro: 0

 COMMAND LINE ARGUMENTS:
A:\ProgF\Unity\2021.2.0a14\Editor\Unity.exe
-adb2
-batchMode
-noUpm
-name
AssetImportWorker6
-projectPath
A:/Projects/Get-Alive-or-Rich
-logFile
Logs/AssetImportWorker6.log
-srvPort
52447
Successfully changed project path to: A:/Projects/Get-Alive-or-Rich
A:/Projects/Get-Alive-or-Rich
Using Asset Import Pipeline V2.
Refreshing native plugins compatible for Editor in 86.84 ms, found 2 plugins.
Preloading 0 native plugins for Editor in 0.00 ms.
Initialize engine version: 2021.2.0a14 (462ae11b66db)
[Subsystems] Discovering subsystems at path A:/ProgF/Unity/2021.2.0a14/Editor/Data/Resources/UnitySubsystems
[Subsystems] Discovering subsystems at path A:/Projects/Get-Alive-or-Rich/Assets
GfxDevice: creating device client; threaded=0; jobified=0
Direct3D:
    Version:  Direct3D 11.0 [level 11.1]
    Renderer: NVIDIA GeForce GTX 1050 Ti (ID=0x1c8c)
    Vendor:   NVIDIA
    VRAM:     4018 MB
    Driver:   27.21.14.6589
Initialize mono
Mono path[0] = 'A:/ProgF/Unity/2021.2.0a14/Editor/Data/Managed'
Mono path[1] = 'A:/ProgF/Unity/2021.2.0a14/Editor/Data/MonoBleedingEdge/lib/mono/unityjit'
Mono config path = 'A:/ProgF/Unity/2021.2.0a14/Editor/Data/MonoBleedingEdge/etc'
Using monoOptions --debugger-agent=transport=dt_socket,embedding=1,server=y,suspend=n,address=127.0.0.1:56968
Begin MonoManager ReloadAssembly
Registering precompiled unity dll's ...
Register platform support module: A:/ProgF/Unity/2021.2.0a14/Editor/Data/PlaybackEngines/WindowsStandaloneSupport/UnityEditor.WindowsStandalone.Extensions.dll
Registered in 0.003515 seconds.
Native extension for WindowsStandalone target not found
Refreshing native plugins compatible for Editor in 138.07 ms, found 2 plugins.
Preloading 0 native plugins for Editor in 0.00 ms.
Mono: successfully reloaded assembly
- Completed reload, in  1.524 seconds
Platform modules already initialized, skipping
Registering precompiled user dll's ...
Registered in 0.003631 seconds.
Begin MonoManager ReloadAssembly
Native extension for WindowsStandalone target not found
Refreshing native plugins compatible for Editor in 132.57 ms, found 2 plugins.
Preloading 0 native plugins for Editor in 0.00 ms.
Mono: successfully reloaded assembly
- Completed reload, in  1.367 seconds
Platform modules already initialized, skipping
========================================================================
Worker process is ready to serve import requests
Launched and connected shader compiler UnityShaderCompiler.exe after 0.29 seconds
Refreshing native plugins compatible for Editor in 0.70 ms, found 2 plugins.
Preloading 0 native plugins for Editor in 0.00 ms.
Unloading 3482 Unused Serialized files (Serialized files now loaded: 0)
Unloading 36 unused Assets / (30.2 KB). Loaded Objects now: 3938.
Memory consumption went from 131.0 MB to 131.0 MB.
Total: 3.152100 ms (FindLiveObjects: 0.270900 ms CreateObjectMapping: 0.158500 ms MarkObjects: 2.695200 ms  DeleteObjects: 0.026700 ms)

AssetImportParameters requested are different than current active one (requested -> active):
  custom:framework-win-MediaFoundation: 216162199b28c13a410421893ffa2e32 -> 
  custom:video-decoder-ogg-theora: a1e56fd34408186e4bbccfd4996cb3dc -> 
  custom:container-muxer-webm: aa71ff27fc2769a1b78a27578f13a17b -> 
  custom:container-demuxer-webm: 4f35f7cbe854078d1ac9338744f61a02 -> 
  custom:video-encoder-webm-vp8: eb34c28f22e8b96e1ab97ce403110664 -> 
  custom:container-demuxer-ogg: 62fdf1f143b41e24485cea50d1cbac27 -> 
  custom:audio-decoder-ogg-vorbis: bf7c407c2cedff20999df2af8eb42d56 -> 
  custom:video-decoder-webm-vp8: 9c59270c3fd7afecdb556c50c9e8de78 -> 
  custom:audio-encoder-webm-vorbis: bf7c407c2cedff20999df2af8eb42d56 -> 
========================================================================
Received Import Request.
  path: Assets/Main/Sprites/Gnome_legless.png
  artifactKey: Guid(8742ad31c4ee00648b47459aa5fff617) Importer(815301076,1909f56bfc062723c751e8b465ee728b)
Start importing Assets/Main/Sprites/Gnome_legless.png using Guid(8742ad31c4ee00648b47459aa5fff617) Importer(815301076,1909f56bfc062723c751e8b465ee728b)  -> (artifact id: '36decff289f171e3e8d8d3cde818ab70') in 1.124878 seconds 
========================================================================
Received Import Request.
  Time since last request: 0.000298 seconds.
  path: Assets/Main/Sprites/check.anim
  artifactKey: Guid(c9383bba90d70b24f9e8b26ad568bd8f) Importer(815301076,1909f56bfc062723c751e8b465ee728b)
Start importing Assets/Main/Sprites/check.anim using Guid(c9383bba90d70b24f9e8b26ad568bd8f) Importer(815301076,1909f56bfc062723c751e8b465ee728b)  -> (artifact id: '0ec37e0ad9e11e0265efea8870689c58') in 0.008669 seconds 
========================================================================
Received Import Request.
  Time since last request: 0.000261 seconds.
  path: Assets/Main/Sprites/Leg.png
  artifactKey: Guid(9d5c0328e580a65448083853c91acab0) Importer(815301076,1909f56bfc062723c751e8b465ee728b)
Start importing Assets/Main/Sprites/Leg.png using Guid(9d5c0328e580a65448083853c91acab0) Importer(815301076,1909f56bfc062723c751e8b465ee728b)  -> (artifact id: '14cf855453b2d5d7df3dce6fd0507e18') in 0.296785 seconds 
========================================================================
Received Import Request.
  Time since last request: 0.000298 seconds.
  path: Assets/Main/Sprites/Bottom.png
  artifactKey: Guid(877cbd9ecb0e38f4595a20c405bcc36a) Importer(815301076,1909f56bfc062723c751e8b465ee728b)
Start importing Assets/Main/Sprites/Bottom.png using Guid(877cbd9ecb0e38f4595a20c405bcc36a) Importer(815301076,1909f56bfc062723c751e8b465ee728b)  -> (artifact id: 'd2160baefb2b275e5108afa8a6313f46') in 0.322473 seconds 
========================================================================
Received Import Request.
  Time since last request: 0.000261 seconds.
  path: Assets/Main/Sprites/Leg 1.png
  artifactKey: Guid(b1ac1b6bb2bf95742a108dcec8120b90) Importer(815301076,1909f56bfc062723c751e8b465ee728b)
Start importing Assets/Main/Sprites/Leg 1.png using Guid(b1ac1b6bb2bf95742a108dcec8120b90) Importer(815301076,1909f56bfc062723c751e8b465ee728b)  -> (artifact id: 'a269cbd147465cf9886f23b43aa1f035') in 0.320007 seconds 
========================================================================
Received Import Request.
  Time since last request: 0.000275 seconds.
  path: Assets/Main/Sprites/ring.png
  artifactKey: Guid(e50b4eb1fe0386d4c828b6d1e5a93058) Importer(815301076,1909f56bfc062723c751e8b465ee728b)
Start importing Assets/Main/Sprites/ring.png using Guid(e50b4eb1fe0386d4c828b6d1e5a93058) Importer(815301076,1909f56bfc062723c751e8b465ee728b)  -> (artifact id: 'c6d95ef11805b9cf4b12d8e97739454e') in 0.163642 seconds 
========================================================================
Received Import Request.
  Time since last request: 0.000294 seconds.
  path: Assets/Main/Sprites/String-1.png
  artifactKey: Guid(4e56f095c1abacf498439f7ea5213ce2) Importer(815301076,1909f56bfc062723c751e8b465ee728b)
Start importing Assets/Main/Sprites/String-1.png using Guid(4e56f095c1abacf498439f7ea5213ce2) Importer(815301076,1909f56bfc062723c751e8b465ee728b)  -> (artifact id: 'b9379694a26f0c2e50f17c09be9c440d') in 0.293046 seconds 
========================================================================
Received Import Request.
  Time since last request: 0.074039 seconds.
  path: Assets/Main/Sprites/step.anim
  artifactKey: Guid(ceed6a5e733743948a2a5a7a614b1cb8) Importer(815301076,1909f56bfc062723c751e8b465ee728b)
Start importing Assets/Main/Sprites/step.anim using Guid(ceed6a5e733743948a2a5a7a614b1cb8) Importer(815301076,1909f56bfc062723c751e8b465ee728b)  -> (artifact id: 'a31a37cd62c41a04249d4f620a5e8770') in 0.058606 seconds 
========================================================================
Received Prepare
Refreshing native plugins compatible for Editor in 3.80 ms, found 2 plugins.
Preloading 0 native plugins for Editor in 0.00 ms.
Unloading 23 Unused Serialized files (Serialized files now loaded: 0)
Unloading 23 unused Assets / (21.9 KB). Loaded Objects now: 3955.
Memory consumption went from 66.5 MB to 66.5 MB.
Total: 3.520400 ms (FindLiveObjects: 0.258300 ms CreateObjectMapping: 0.163100 ms MarkObjects: 3.082700 ms  DeleteObjects: 0.015400 ms)

AssetImportParameters requested are different than current active one (requested -> active):
  custom:framework-win-MediaFoundation: 216162199b28c13a410421893ffa2e32 -> 
  custom:video-decoder-ogg-theora: a1e56fd34408186e4bbccfd4996cb3dc -> 
  custom:container-muxer-webm: aa71ff27fc2769a1b78a27578f13a17b -> 
  custom:container-demuxer-webm: 4f35f7cbe854078d1ac9338744f61a02 -> 
  custom:video-encoder-webm-vp8: eb34c28f22e8b96e1ab97ce403110664 -> 
  custom:container-demuxer-ogg: 62fdf1f143b41e24485cea50d1cbac27 -> 
  custom:audio-decoder-ogg-vorbis: bf7c407c2cedff20999df2af8eb42d56 -> 
  custom:video-decoder-webm-vp8: 9c59270c3fd7afecdb556c50c9e8de78 -> 
  custom:audio-encoder-webm-vorbis: bf7c407c2cedff20999df2af8eb42d56 -> 
========================================================================
Received Prepare
Registering precompiled user dll's ...
Registered in 0.002384 seconds.
Begin MonoManager ReloadAssembly
Native extension for WindowsStandalone target not found
Refreshing native plugins compatible for Editor in 0.82 ms, found 2 plugins.
Preloading 0 native plugins for Editor in 0.00 ms.
Mono: successfully reloaded assembly
- Completed reload, in  1.090 seconds
Platform modules already initialized, skipping
Switching build target platform(19) subTarget(0) extendedPlatform(0) -> platform(13) subTarget(537395200) extendedPlatform(0)
Refreshing native plugins compatible for Editor in 0.75 ms, found 2 plugins.
Preloading 0 native plugins for Editor in 0.00 ms.
Unloading 3481 Unused Serialized files (Serialized files now loaded: 0)
Unloading 25 unused Assets / (24.6 KB). Loaded Objects now: 4042.
Memory consumption went from 151.1 MB to 151.1 MB.
Total: 3.560200 ms (FindLiveObjects: 0.411600 ms CreateObjectMapping: 0.272600 ms MarkObjects: 2.847800 ms  DeleteObjects: 0.027400 ms)

AssetImportParameters requested are different than current active one (requested -> active):
  custom:graphics/default-texture-compression-format: 02000000000000000000000000000000 -> 01000000000000000000000000000000
  custom:framework-win-MediaFoundation: 216162199b28c13a410421893ffa2e32 -> 
  custom:video-decoder-ogg-theora: a1e56fd34408186e4bbccfd4996cb3dc -> 
  custom:container-muxer-webm: aa71ff27fc2769a1b78a27578f13a17b -> 
  custom:container-demuxer-webm: 4f35f7cbe854078d1ac9338744f61a02 -> 
  custom:video-encoder-webm-vp8: eb34c28f22e8b96e1ab97ce403110664 -> 
  custom:container-demuxer-ogg: 62fdf1f143b41e24485cea50d1cbac27 -> 
  custom:graphics/normal-map-encoding: 01000000000000000000000000000000 -> 02000000000000000000000000000000
  custom:audio-decoder-ogg-vorbis: bf7c407c2cedff20999df2af8eb42d56 -> 
  custom:video-decoder-webm-vp8: 9c59270c3fd7afecdb556c50c9e8de78 -> 
  custom:audio-encoder-webm-vorbis: bf7c407c2cedff20999df2af8eb42d56 -> 
========================================================================
Received Prepare
Registering precompiled user dll's ...
Registered in 0.002347 seconds.
Begin MonoManager ReloadAssembly
Native extension for WindowsStandalone target not found
Refreshing native plugins compatible for Editor in 0.68 ms, found 2 plugins.
Preloading 0 native plugins for Editor in 0.00 ms.
Mono: successfully reloaded assembly
- Completed reload, in  0.932 seconds
Platform modules already initialized, skipping
Switching build target platform(19) subTarget(0) extendedPlatform(0) -> platform(13) subTarget(537395200) extendedPlatform(0)
Refreshing native plugins compatible for Editor in 0.78 ms, found 2 plugins.
Preloading 0 native plugins for Editor in 0.00 ms.
Unloading 3475 Unused Serialized files (Serialized files now loaded: 0)
Unloading 25 unused Assets / (24.6 KB). Loaded Objects now: 4046.
Memory consumption went from 150.9 MB to 150.9 MB.
Total: 3.429400 ms (FindLiveObjects: 0.319600 ms CreateObjectMapping: 0.153500 ms MarkObjects: 2.920300 ms  DeleteObjects: 0.034900 ms)

AssetImportParameters requested are different than current active one (requested -> active):
  custom:graphics/default-texture-compression-format: 02000000000000000000000000000000 -> 01000000000000000000000000000000
  custom:framework-win-MediaFoundation: 216162199b28c13a410421893ffa2e32 -> 
  custom:video-decoder-ogg-theora: a1e56fd34408186e4bbccfd4996cb3dc -> 
  custom:container-muxer-webm: aa71ff27fc2769a1b78a27578f13a17b -> 
  custom:container-demuxer-webm: 4f35f7cbe854078d1ac9338744f61a02 -> 
  custom:video-encoder-webm-vp8: eb34c28f22e8b96e1ab97ce403110664 -> 
  custom:container-demuxer-ogg: 62fdf1f143b41e24485cea50d1cbac27 -> 
  custom:graphics/normal-map-encoding: 01000000000000000000000000000000 -> 02000000000000000000000000000000
  custom:audio-decoder-ogg-vorbis: bf7c407c2cedff20999df2af8eb42d56 -> 
  custom:video-decoder-webm-vp8: 9c59270c3fd7afecdb556c50c9e8de78 -> 
  custom:audio-encoder-webm-vorbis: bf7c407c2cedff20999df2af8eb42d56 -> 
========================================================================
Received Import Request.
  Time since last request: 102.526001 seconds.
  path: Assets/Main/Scripts/ButtonController.cs
  artifactKey: Guid(d21ac6cb74730e74b9369ddf83f1dc85) Importer(815301076,1909f56bfc062723c751e8b465ee728b)
Start importing Assets/Main/Scripts/ButtonController.cs using Guid(d21ac6cb74730e74b9369ddf83f1dc85) Importer(815301076,1909f56bfc062723c751e8b465ee728b)  -> (artifact id: 'e23b29bfd6f33566acef7152c57d4bb3') in 0.018538 seconds 
========================================================================
Received Prepare
Registering precompiled user dll's ...
Registered in 0.527372 seconds.
Begin MonoManager ReloadAssembly
Native extension for WindowsStandalone target not found
Refreshing native plugins compatible for Editor in 0.86 ms, found 2 plugins.
Preloading 0 native plugins for Editor in 0.00 ms.
Mono: successfully reloaded assembly
- Completed reload, in  2.335 seconds
Platform modules already initialized, skipping
Switching build target platform(19) subTarget(0) extendedPlatform(0) -> platform(13) subTarget(537395200) extendedPlatform(0)
Refreshing native plugins compatible for Editor in 0.72 ms, found 2 plugins.
Preloading 0 native plugins for Editor in 0.00 ms.
Unloading 3475 Unused Serialized files (Serialized files now loaded: 0)
Unloading 25 unused Assets / (24.6 KB). Loaded Objects now: 4050.
Memory consumption went from 150.9 MB to 150.9 MB.
Total: 3.317100 ms (FindLiveObjects: 0.285100 ms CreateObjectMapping: 0.168700 ms MarkObjects: 2.808900 ms  DeleteObjects: 0.053600 ms)

AssetImportParameters requested are different than current active one (requested -> active):
  custom:graphics/default-texture-compression-format: 02000000000000000000000000000000 -> 01000000000000000000000000000000
  custom:framework-win-MediaFoundation: 216162199b28c13a410421893ffa2e32 -> 
  custom:video-decoder-ogg-theora: a1e56fd34408186e4bbccfd4996cb3dc -> 
  custom:container-muxer-webm: aa71ff27fc2769a1b78a27578f13a17b -> 
  custom:container-demuxer-webm: 4f35f7cbe854078d1ac9338744f61a02 -> 
  custom:video-encoder-webm-vp8: eb34c28f22e8b96e1ab97ce403110664 -> 
  custom:container-demuxer-ogg: 62fdf1f143b41e24485cea50d1cbac27 -> 
  custom:graphics/normal-map-encoding: 01000000000000000000000000000000 -> 02000000000000000000000000000000
  custom:audio-decoder-ogg-vorbis: bf7c407c2cedff20999df2af8eb42d56 -> 
  custom:video-decoder-webm-vp8: 9c59270c3fd7afecdb556c50c9e8de78 -> 
  custom:audio-encoder-webm-vorbis: bf7c407c2cedff20999df2af8eb42d56 -> 
========================================================================
Received Import Request.
  Time since last request: 214.929934 seconds.
  path: Assets/Main/MainGame.unity
  artifactKey: Guid(ac5fd9b9380ed414e88324be9d89113e) Importer(815301076,1909f56bfc062723c751e8b465ee728b)
Start importing Assets/Main/MainGame.unity using Guid(ac5fd9b9380ed414e88324be9d89113e) Importer(815301076,1909f56bfc062723c751e8b465ee728b)  -> (artifact id: '6f2d503385eba51f95f1cf1b7f7e8843') in 0.024967 seconds 
========================================================================
Received Import Request.
  Time since last request: 13.838696 seconds.
  path: Assets/2048ku/Scenes/2048ku_1.unity
  artifactKey: Guid(226c97096e09ea743a3eac5c972d6612) Importer(815301076,1909f56bfc062723c751e8b465ee728b)
Start importing Assets/2048ku/Scenes/2048ku_1.unity using Guid(226c97096e09ea743a3eac5c972d6612) Importer(815301076,1909f56bfc062723c751e8b465ee728b)  -> (artifact id: '16c34af84e993ad9fe4f94298f52770b') in 0.007525 seconds 
========================================================================
Received Import Request.
  Time since last request: 38.721712 seconds.
  path: Assets/Jewels/Scenes/Jewel_1.unity
  artifactKey: Guid(2cda990e2423bbf4892e6590ba056729) Importer(815301076,1909f56bfc062723c751e8b465ee728b)
Start importing Assets/Jewels/Scenes/Jewel_1.unity using Guid(2cda990e2423bbf4892e6590ba056729) Importer(815301076,1909f56bfc062723c751e8b465ee728b)  -> (artifact id: '255637fb927c310f3d538d0240889364') in 0.009002 seconds 
========================================================================
Received Import Request.
  Time since last request: 11.523362 seconds.
  path: Assets/Jewels/Scenes/Jewel_2.unity
  artifactKey: Guid(46b6fca47f562d841af75381b4b6226f) Importer(815301076,1909f56bfc062723c751e8b465ee728b)
Start importing Assets/Jewels/Scenes/Jewel_2.unity using Guid(46b6fca47f562d841af75381b4b6226f) Importer(815301076,1909f56bfc062723c751e8b465ee728b)  -> (artifact id: '4c1e0b843b3b57fe738478f93c6fd3e1') in 0.007695 seconds 
========================================================================
Received Import Request.
  Time since last request: 6.211714 seconds.
  path: Assets/Jewels/Scenes/Jewel_3.unity
  artifactKey: Guid(268c62d7b54ce724496f99ab3e4f1738) Importer(815301076,1909f56bfc062723c751e8b465ee728b)
Start importing Assets/Jewels/Scenes/Jewel_3.unity using Guid(268c62d7b54ce724496f99ab3e4f1738) Importer(815301076,1909f56bfc062723c751e8b465ee728b)  -> (artifact id: 'ca06918c0c0445c9237389cc0befa965') in 0.012657 seconds 
========================================================================
Received Import Request.
  Time since last request: 12.185370 seconds.
  path: Assets/Jewels/Scenes/Jewel_4.unity
  artifactKey: Guid(64a780f960ddb04478aa8b5cdb0269b8) Importer(815301076,1909f56bfc062723c751e8b465ee728b)
Start importing Assets/Jewels/Scenes/Jewel_4.unity using Guid(64a780f960ddb04478aa8b5cdb0269b8) Importer(815301076,1909f56bfc062723c751e8b465ee728b)  -> (artifact id: '9734ce2506515715b52ba2459b20a606') in 0.014302 seconds 
========================================================================
Received Import Request.
  Time since last request: 1.673947 seconds.
  path: Assets/Jewels/Scenes/Jewel_5.unity
  artifactKey: Guid(02833d3a91c53624996d4775abab93f9) Importer(815301076,1909f56bfc062723c751e8b465ee728b)
Start importing Assets/Jewels/Scenes/Jewel_5.unity using Guid(02833d3a91c53624996d4775abab93f9) Importer(815301076,1909f56bfc062723c751e8b465ee728b)  -> (artifact id: '66828de5744a81732cce1b9238b9db9a') in 0.009444 seconds 
========================================================================
Received Import Request.
  Time since last request: 2.059033 seconds.
  path: Assets/Jewels/Scenes/Jewel_6.unity
  artifactKey: Guid(5f8adc77a1710bd4ca90956c74217902) Importer(815301076,1909f56bfc062723c751e8b465ee728b)
Start importing Assets/Jewels/Scenes/Jewel_6.unity using Guid(5f8adc77a1710bd4ca90956c74217902) Importer(815301076,1909f56bfc062723c751e8b465ee728b)  -> (artifact id: '5f13ec70dacaa094b4352c45b075e4ed') in 0.012196 seconds 
========================================================================
Received Import Request.
  Time since last request: 96.290257 seconds.
  path: Assets/Main/Prefabs/Buttons/Canvas.prefab
  artifactKey: Guid(80b29c1f62beea14e8f3a7ec00b4be76) Importer(815301076,1909f56bfc062723c751e8b465ee728b)
Start importing Assets/Main/Prefabs/Buttons/Canvas.prefab using Guid(80b29c1f62beea14e8f3a7ec00b4be76) Importer(815301076,1909f56bfc062723c751e8b465ee728b)  -> (artifact id: 'a6c925f9c642d5362e2c93edf5a995ac') in 0.081099 seconds 
========================================================================
Received Import Request.
  Time since last request: 0.000443 seconds.
  path: Assets/Main/Prefabs/Buttons/Play.prefab
  artifactKey: Guid(1238bb2712064bf459b2fe55e9bdd405) Importer(815301076,1909f56bfc062723c751e8b465ee728b)
Start importing Assets/Main/Prefabs/Buttons/Play.prefab using Guid(1238bb2712064bf459b2fe55e9bdd405) Importer(815301076,1909f56bfc062723c751e8b465ee728b)  -> (artifact id: '38c63e9c7abcf6458bd17520a167f85b') in 0.039984 seconds 
========================================================================
Received Import Request.
  Time since last request: 230.298032 seconds.
  path: Assets/2048ku/Square (1).png
  artifactKey: Guid(995a9a669cbcb6b4db68f983c9499fa1) Importer(815301076,1909f56bfc062723c751e8b465ee728b)
Start importing Assets/2048ku/Square (1).png using Guid(995a9a669cbcb6b4db68f983c9499fa1) Importer(815301076,1909f56bfc062723c751e8b465ee728b)  -> (artifact id: '839252a08160bf4f1557a09ceb090f0c') in 0.559799 seconds 
========================================================================
Received Import Request.
  Time since last request: 1.112104 seconds.
  path: Assets/2048ku/Scripts
  artifactKey: Guid(39d209922b80c014886b143532644624) Importer(815301076,1909f56bfc062723c751e8b465ee728b)
Start importing Assets/2048ku/Scripts using Guid(39d209922b80c014886b143532644624) Importer(815301076,1909f56bfc062723c751e8b465ee728b)  -> (artifact id: 'cd7846009d4f41e9f1dfd6777cf5de71') in 0.008225 seconds 
========================================================================
Received Import Request.
  Time since last request: 0.610726 seconds.
  path: Assets/2048ku/Scenes
  artifactKey: Guid(fdb12229b1158fa41a4a23af0dadd87e) Importer(815301076,1909f56bfc062723c751e8b465ee728b)
Start importing Assets/2048ku/Scenes using Guid(fdb12229b1158fa41a4a23af0dadd87e) Importer(815301076,1909f56bfc062723c751e8b465ee728b)  -> (artifact id: '1bd934d9428897c4ff16849eb594db10') in 0.006274 seconds 
========================================================================
Received Prepare
Refreshing native plugins compatible for Editor in 550.31 ms, found 2 plugins.
Preloading 0 native plugins for Editor in 0.00 ms.
Unloading 23 Unused Serialized files (Serialized files now loaded: 0)
Unloading 23 unused Assets / (21.9 KB). Loaded Objects now: 4057.
Memory consumption went from 83.3 MB to 83.3 MB.
Total: 4.272500 ms (FindLiveObjects: 0.292500 ms CreateObjectMapping: 0.155400 ms MarkObjects: 3.805900 ms  DeleteObjects: 0.018000 ms)

AssetImportParameters requested are different than current active one (requested -> active):
  custom:framework-win-MediaFoundation: 216162199b28c13a410421893ffa2e32 -> 
  custom:video-decoder-ogg-theora: a1e56fd34408186e4bbccfd4996cb3dc -> 
  custom:container-muxer-webm: aa71ff27fc2769a1b78a27578f13a17b -> 
  custom:container-demuxer-webm: 4f35f7cbe854078d1ac9338744f61a02 -> 
  custom:video-encoder-webm-vp8: eb34c28f22e8b96e1ab97ce403110664 -> 
  custom:container-demuxer-ogg: 62fdf1f143b41e24485cea50d1cbac27 -> 
  custom:audio-decoder-ogg-vorbis: bf7c407c2cedff20999df2af8eb42d56 -> 
  custom:video-decoder-webm-vp8: 9c59270c3fd7afecdb556c50c9e8de78 -> 
  custom:audio-encoder-webm-vorbis: bf7c407c2cedff20999df2af8eb42d56 -> 
========================================================================
Received Import Request.
  Time since last request: 255.398872 seconds.
  path: Assets/2048ku/Sprites/background-2.png
  artifactKey: Guid(7a061235066affa4babf63670030500d) Importer(815301076,1909f56bfc062723c751e8b465ee728b)
Start importing Assets/2048ku/Sprites/background-2.png using Guid(7a061235066affa4babf63670030500d) Importer(815301076,1909f56bfc062723c751e8b465ee728b)  -> (artifact id: 'bb44153fa039d37a4eb69308e0d9b556') in 0.848819 seconds 
========================================================================
Received Import Request.
  Time since last request: 0.174228 seconds.
  path: Assets/2048ku/Scripts/Conroller2048.cs
  artifactKey: Guid(6970611ec499bf4469262ea938e964f6) Importer(815301076,1909f56bfc062723c751e8b465ee728b)
Start importing Assets/2048ku/Scripts/Conroller2048.cs using Guid(6970611ec499bf4469262ea938e964f6) Importer(815301076,1909f56bfc062723c751e8b465ee728b)  -> (artifact id: '8973624d733f6cb40d7661bbc6ded3b7') in 0.005724 seconds 
========================================================================
Received Import Request.
  Time since last request: 228.030365 seconds.
  path: Assets/2048ku/Scripts/Conroller2048.cs
  artifactKey: Guid(6970611ec499bf4469262ea938e964f6) Importer(815301076,1909f56bfc062723c751e8b465ee728b)
Start importing Assets/2048ku/Scripts/Conroller2048.cs using Guid(6970611ec499bf4469262ea938e964f6) Importer(815301076,1909f56bfc062723c751e8b465ee728b)  -> (artifact id: '12b657d69a2d3eed2ec1a90e72bb68d6') in 0.004436 seconds 
========================================================================
Received Prepare
Registering precompiled user dll's ...
Registered in 0.004119 seconds.
Begin MonoManager ReloadAssembly
Native extension for WindowsStandalone target not found
Refreshing native plugins compatible for Editor in 0.93 ms, found 2 plugins.
Preloading 0 native plugins for Editor in 0.00 ms.
Mono: successfully reloaded assembly
- Completed reload, in  2.209 seconds
Platform modules already initialized, skipping
Switching build target platform(19) subTarget(0) extendedPlatform(0) -> platform(13) subTarget(537395200) extendedPlatform(0)
Refreshing native plugins compatible for Editor in 0.69 ms, found 2 plugins.
Preloading 0 native plugins for Editor in 0.00 ms.
Unloading 3477 Unused Serialized files (Serialized files now loaded: 0)
Unloading 25 unused Assets / (24.6 KB). Loaded Objects now: 4089.
Memory consumption went from 160.3 MB to 160.3 MB.
Total: 3.504000 ms (FindLiveObjects: 0.302000 ms CreateObjectMapping: 0.168300 ms MarkObjects: 3.009700 ms  DeleteObjects: 0.023200 ms)

AssetImportParameters requested are different than current active one (requested -> active):
  custom:graphics/default-texture-compression-format: 02000000000000000000000000000000 -> 01000000000000000000000000000000
  custom:framework-win-MediaFoundation: 216162199b28c13a410421893ffa2e32 -> 
  custom:video-decoder-ogg-theora: a1e56fd34408186e4bbccfd4996cb3dc -> 
  custom:container-muxer-webm: aa71ff27fc2769a1b78a27578f13a17b -> 
  custom:container-demuxer-webm: 4f35f7cbe854078d1ac9338744f61a02 -> 
  custom:video-encoder-webm-vp8: eb34c28f22e8b96e1ab97ce403110664 -> 
  custom:container-demuxer-ogg: 62fdf1f143b41e24485cea50d1cbac27 -> 
  custom:graphics/normal-map-encoding: 01000000000000000000000000000000 -> 02000000000000000000000000000000
  custom:audio-decoder-ogg-vorbis: bf7c407c2cedff20999df2af8eb42d56 -> 
  custom:video-decoder-webm-vp8: 9c59270c3fd7afecdb556c50c9e8de78 -> 
  custom:audio-encoder-webm-vorbis: bf7c407c2cedff20999df2af8eb42d56 -> 
========================================================================
Received Prepare
Refreshing native plugins compatible for Editor in 720.27 ms, found 2 plugins.
Preloading 0 native plugins for Editor in 0.00 ms.
Unloading 23 Unused Serialized files (Serialized files now loaded: 0)
Unloading 23 unused Assets / (21.9 KB). Loaded Objects now: 4089.
Memory consumption went from 92.0 MB to 92.0 MB.
Total: 3.346400 ms (FindLiveObjects: 0.261800 ms CreateObjectMapping: 0.155200 ms MarkObjects: 2.909200 ms  DeleteObjects: 0.019300 ms)

AssetImportParameters requested are different than current active one (requested -> active):
  custom:framework-win-MediaFoundation: 216162199b28c13a410421893ffa2e32 -> 
  custom:video-decoder-ogg-theora: a1e56fd34408186e4bbccfd4996cb3dc -> 
  custom:container-muxer-webm: aa71ff27fc2769a1b78a27578f13a17b -> 
  custom:container-demuxer-webm: 4f35f7cbe854078d1ac9338744f61a02 -> 
  custom:video-encoder-webm-vp8: eb34c28f22e8b96e1ab97ce403110664 -> 
  custom:container-demuxer-ogg: 62fdf1f143b41e24485cea50d1cbac27 -> 
  custom:audio-decoder-ogg-vorbis: bf7c407c2cedff20999df2af8eb42d56 -> 
  custom:video-decoder-webm-vp8: 9c59270c3fd7afecdb556c50c9e8de78 -> 
  custom:audio-encoder-webm-vorbis: bf7c407c2cedff20999df2af8eb42d56 -> 
========================================================================
Received Prepare
Registering precompiled user dll's ...
Registered in 0.002473 seconds.
Begin MonoManager ReloadAssembly
Native extension for WindowsStandalone target not found
Refreshing native plugins compatible for Editor in 0.90 ms, found 2 plugins.
Preloading 0 native plugins for Editor in 0.00 ms.
Mono: successfully reloaded assembly
- Completed reload, in  1.017 seconds
Platform modules already initialized, skipping
Switching build target platform(19) subTarget(0) extendedPlatform(0) -> platform(13) subTarget(537395200) extendedPlatform(0)
Refreshing native plugins compatible for Editor in 0.71 ms, found 2 plugins.
Preloading 0 native plugins for Editor in 0.00 ms.
Unloading 3475 Unused Serialized files (Serialized files now loaded: 0)
Unloading 25 unused Assets / (24.6 KB). Loaded Objects now: 4093.
Memory consumption went from 160.2 MB to 160.2 MB.
Total: 4.636400 ms (FindLiveObjects: 0.463300 ms CreateObjectMapping: 0.376900 ms MarkObjects: 3.654900 ms  DeleteObjects: 0.140300 ms)

AssetImportParameters requested are different than current active one (requested -> active):
  custom:graphics/default-texture-compression-format: 02000000000000000000000000000000 -> 01000000000000000000000000000000
  custom:framework-win-MediaFoundation: 216162199b28c13a410421893ffa2e32 -> 
  custom:video-decoder-ogg-theora: a1e56fd34408186e4bbccfd4996cb3dc -> 
  custom:container-muxer-webm: aa71ff27fc2769a1b78a27578f13a17b -> 
  custom:container-demuxer-webm: 4f35f7cbe854078d1ac9338744f61a02 -> 
  custom:video-encoder-webm-vp8: eb34c28f22e8b96e1ab97ce403110664 -> 
  custom:container-demuxer-ogg: 62fdf1f143b41e24485cea50d1cbac27 -> 
  custom:graphics/normal-map-encoding: 01000000000000000000000000000000 -> 02000000000000000000000000000000
  custom:audio-decoder-ogg-vorbis: bf7c407c2cedff20999df2af8eb42d56 -> 
  custom:video-decoder-webm-vp8: 9c59270c3fd7afecdb556c50c9e8de78 -> 
  custom:audio-encoder-webm-vorbis: bf7c407c2cedff20999df2af8eb42d56 -> 
========================================================================
Received Prepare
Refreshing native plugins compatible for Editor in 502.85 ms, found 2 plugins.
Preloading 0 native plugins for Editor in 0.00 ms.
Unloading 23 Unused Serialized files (Serialized files now loaded: 0)
Unloading 23 unused Assets / (21.9 KB). Loaded Objects now: 4093.
Memory consumption went from 92.0 MB to 92.0 MB.
Total: 4.721900 ms (FindLiveObjects: 0.351500 ms CreateObjectMapping: 0.201200 ms MarkObjects: 3.373100 ms  DeleteObjects: 0.795100 ms)

AssetImportParameters requested are different than current active one (requested -> active):
  custom:framework-win-MediaFoundation: 216162199b28c13a410421893ffa2e32 -> 
  custom:video-decoder-ogg-theora: a1e56fd34408186e4bbccfd4996cb3dc -> 
  custom:container-muxer-webm: aa71ff27fc2769a1b78a27578f13a17b -> 
  custom:container-demuxer-webm: 4f35f7cbe854078d1ac9338744f61a02 -> 
  custom:video-encoder-webm-vp8: eb34c28f22e8b96e1ab97ce403110664 -> 
  custom:container-demuxer-ogg: 62fdf1f143b41e24485cea50d1cbac27 -> 
  custom:audio-decoder-ogg-vorbis: bf7c407c2cedff20999df2af8eb42d56 -> 
  custom:video-decoder-webm-vp8: 9c59270c3fd7afecdb556c50c9e8de78 -> 
  custom:audio-encoder-webm-vorbis: bf7c407c2cedff20999df2af8eb42d56 -> 
========================================================================
Received Prepare
Registering precompiled user dll's ...
Registered in 0.002634 seconds.
Begin MonoManager ReloadAssembly
Native extension for WindowsStandalone target not found
Refreshing native plugins compatible for Editor in 0.73 ms, found 2 plugins.
Preloading 0 native plugins for Editor in 0.00 ms.
Mono: successfully reloaded assembly
- Completed reload, in  2.219 seconds
Platform modules already initialized, skipping
Switching build target platform(19) subTarget(0) extendedPlatform(0) -> platform(13) subTarget(537395200) extendedPlatform(0)
Refreshing native plugins compatible for Editor in 1.19 ms, found 2 plugins.
Preloading 0 native plugins for Editor in 0.00 ms.
Unloading 3475 Unused Serialized files (Serialized files now loaded: 0)
Unloading 25 unused Assets / (24.6 KB). Loaded Objects now: 4097.
Memory consumption went from 160.3 MB to 160.2 MB.
Total: 3.637900 ms (FindLiveObjects: 0.287200 ms CreateObjectMapping: 0.153000 ms MarkObjects: 3.176400 ms  DeleteObjects: 0.020700 ms)

AssetImportParameters requested are different than current active one (requested -> active):
  custom:graphics/default-texture-compression-format: 02000000000000000000000000000000 -> 01000000000000000000000000000000
  custom:framework-win-MediaFoundation: 216162199b28c13a410421893ffa2e32 -> 
  custom:video-decoder-ogg-theora: a1e56fd34408186e4bbccfd4996cb3dc -> 
  custom:container-muxer-webm: aa71ff27fc2769a1b78a27578f13a17b -> 
  custom:container-demuxer-webm: 4f35f7cbe854078d1ac9338744f61a02 -> 
  custom:video-encoder-webm-vp8: eb34c28f22e8b96e1ab97ce403110664 -> 
  custom:container-demuxer-ogg: 62fdf1f143b41e24485cea50d1cbac27 -> 
  custom:graphics/normal-map-encoding: 01000000000000000000000000000000 -> 02000000000000000000000000000000
  custom:audio-decoder-ogg-vorbis: bf7c407c2cedff20999df2af8eb42d56 -> 
  custom:video-decoder-webm-vp8: 9c59270c3fd7afecdb556c50c9e8de78 -> 
  custom:audio-encoder-webm-vorbis: bf7c407c2cedff20999df2af8eb42d56 -> 
========================================================================
Received Prepare
Refreshing native plugins compatible for Editor in 772.60 ms, found 2 plugins.
Preloading 0 native plugins for Editor in 0.00 ms.
Unloading 23 Unused Serialized files (Serialized files now loaded: 0)
Unloading 23 unused Assets / (21.9 KB). Loaded Objects now: 4097.
Memory consumption went from 92.0 MB to 92.0 MB.
Total: 4.586800 ms (FindLiveObjects: 0.315600 ms CreateObjectMapping: 0.189600 ms MarkObjects: 3.218500 ms  DeleteObjects: 0.861900 ms)

AssetImportParameters requested are different than current active one (requested -> active):
  custom:framework-win-MediaFoundation: 216162199b28c13a410421893ffa2e32 -> 
  custom:video-decoder-ogg-theora: a1e56fd34408186e4bbccfd4996cb3dc -> 
  custom:container-muxer-webm: aa71ff27fc2769a1b78a27578f13a17b -> 
  custom:container-demuxer-webm: 4f35f7cbe854078d1ac9338744f61a02 -> 
  custom:video-encoder-webm-vp8: eb34c28f22e8b96e1ab97ce403110664 -> 
  custom:container-demuxer-ogg: 62fdf1f143b41e24485cea50d1cbac27 -> 
  custom:audio-decoder-ogg-vorbis: bf7c407c2cedff20999df2af8eb42d56 -> 
  custom:video-decoder-webm-vp8: 9c59270c3fd7afecdb556c50c9e8de78 -> 
  custom:audio-encoder-webm-vorbis: bf7c407c2cedff20999df2af8eb42d56 -> 
========================================================================
Received Import Request.
  Time since last request: 725.311030 seconds.
  path: Assets/2048ku/Prefabs/2048-1-removebg-preview_0.prefab
  artifactKey: Guid(44c3db97b7477574e8b23931b96c7465) Importer(815301076,1909f56bfc062723c751e8b465ee728b)
Start importing Assets/2048ku/Prefabs/2048-1-removebg-preview_0.prefab using Guid(44c3db97b7477574e8b23931b96c7465) Importer(815301076,1909f56bfc062723c751e8b465ee728b)  -> (artifact id: '3bcf5b8507654b40321dd87ff22e7e28') in 0.493326 seconds 
========================================================================
Received Import Request.
  Time since last request: 17.652189 seconds.
  path: Assets/2048ku/Prefabs/2048-1-removebg-preview_0.prefab
  artifactKey: Guid(44c3db97b7477574e8b23931b96c7465) Importer(815301076,1909f56bfc062723c751e8b465ee728b)
Start importing Assets/2048ku/Prefabs/2048-1-removebg-preview_0.prefab using Guid(44c3db97b7477574e8b23931b96c7465) Importer(815301076,1909f56bfc062723c751e8b465ee728b)  -> (artifact id: '50c3b8b74a6d2fef5b87bbf9674b556f') in 0.020436 seconds 
========================================================================
Received Prepare
Refreshing native plugins compatible for Editor in 547.86 ms, found 2 plugins.
Preloading 0 native plugins for Editor in 0.00 ms.
Unloading 23 Unused Serialized files (Serialized files now loaded: 0)
Unloading 23 unused Assets / (21.9 KB). Loaded Objects now: 4101.
Memory consumption went from 92.1 MB to 92.1 MB.
Total: 3.906000 ms (FindLiveObjects: 0.320400 ms CreateObjectMapping: 0.135400 ms MarkObjects: 3.427600 ms  DeleteObjects: 0.021600 ms)

AssetImportParameters requested are different than current active one (requested -> active):
  custom:framework-win-MediaFoundation: 216162199b28c13a410421893ffa2e32 -> 
  custom:video-decoder-ogg-theora: a1e56fd34408186e4bbccfd4996cb3dc -> 
  custom:container-muxer-webm: aa71ff27fc2769a1b78a27578f13a17b -> 
  custom:container-demuxer-webm: 4f35f7cbe854078d1ac9338744f61a02 -> 
  custom:video-encoder-webm-vp8: eb34c28f22e8b96e1ab97ce403110664 -> 
  custom:container-demuxer-ogg: 62fdf1f143b41e24485cea50d1cbac27 -> 
  custom:audio-decoder-ogg-vorbis: bf7c407c2cedff20999df2af8eb42d56 -> 
  custom:video-decoder-webm-vp8: 9c59270c3fd7afecdb556c50c9e8de78 -> 
  custom:audio-encoder-webm-vorbis: bf7c407c2cedff20999df2af8eb42d56 -> 
========================================================================
Received Import Request.
  Time since last request: 152.766412 seconds.
  path: Assets/Main/Prefabs
  artifactKey: Guid(c21d5680e298ef54bbf9e1f1cdd4bca4) Importer(815301076,1909f56bfc062723c751e8b465ee728b)
Start importing Assets/Main/Prefabs using Guid(c21d5680e298ef54bbf9e1f1cdd4bca4) Importer(815301076,1909f56bfc062723c751e8b465ee728b)  -> (artifact id: 'cd5ee665442109d645f1a276fb6dccb4') in 0.012533 seconds 
========================================================================
Received Import Request.
  Time since last request: 10.607180 seconds.
  path: Assets/Jewels/Sсripts/JewelsControl.cs
  artifactKey: Guid(03f23f72d77958b498df023372b32fc3) Importer(815301076,1909f56bfc062723c751e8b465ee728b)
Start importing Assets/Jewels/Sсripts/JewelsControl.cs using Guid(03f23f72d77958b498df023372b32fc3) Importer(815301076,1909f56bfc062723c751e8b465ee728b)  -> (artifact id: 'fbbef623c1d2d6515c2bd44836db448b') in 0.006477 seconds 
========================================================================
Received Import Request.
  Time since last request: 148.864032 seconds.
  path: Assets/Jewels/Prefabs/bblluuee.prefab
  artifactKey: Guid(2c0a1f3cd002d8d4cbc56c2feec3d7b9) Importer(815301076,1909f56bfc062723c751e8b465ee728b)
Start importing Assets/Jewels/Prefabs/bblluuee.prefab using Guid(2c0a1f3cd002d8d4cbc56c2feec3d7b9) Importer(815301076,1909f56bfc062723c751e8b465ee728b)  -> (artifact id: '88b85a9664a1e407d1246632d429cb0c') in 0.618892 seconds 
========================================================================
Received Import Request.
  Time since last request: 0.000320 seconds.
  path: Assets/Jewels/Prefabs/orange.prefab
  artifactKey: Guid(d04002cc033dec047914e0efa1cdfff7) Importer(815301076,1909f56bfc062723c751e8b465ee728b)
Start importing Assets/Jewels/Prefabs/orange.prefab using Guid(d04002cc033dec047914e0efa1cdfff7) Importer(815301076,1909f56bfc062723c751e8b465ee728b)  -> (artifact id: '262c759dbe40369606d855f4dc93ec9d') in 0.047867 seconds 
========================================================================
Received Import Request.
  Time since last request: 0.000258 seconds.
  path: Assets/Jewels/Prefabs/purple.prefab
  artifactKey: Guid(26142e34930ede045ae6abca1a9e23ca) Importer(815301076,1909f56bfc062723c751e8b465ee728b)
Start importing Assets/Jewels/Prefabs/purple.prefab using Guid(26142e34930ede045ae6abca1a9e23ca) Importer(815301076,1909f56bfc062723c751e8b465ee728b)  -> (artifact id: '0b6b9f6cab71391ba66d92b7d7e575ff') in 0.044936 seconds 
========================================================================
Received Import Request.
  Time since last request: 0.000199 seconds.
  path: Assets/Jewels/Prefabs/blue.prefab
  artifactKey: Guid(4bdd235d1588a474197739ac68b201bb) Importer(815301076,1909f56bfc062723c751e8b465ee728b)
Start importing Assets/Jewels/Prefabs/blue.prefab using Guid(4bdd235d1588a474197739ac68b201bb) Importer(815301076,1909f56bfc062723c751e8b465ee728b)  -> (artifact id: '53823c24e459a00990c86f7f58448e77') in 0.070665 seconds 
========================================================================
Received Import Request.
  Time since last request: 0.000192 seconds.
  path: Assets/Jewels/Prefabs/double_blue.prefab
  artifactKey: Guid(3b026aff0983b1d46a7b94d79b8ee738) Importer(815301076,1909f56bfc062723c751e8b465ee728b)
Start importing Assets/Jewels/Prefabs/double_blue.prefab using Guid(3b026aff0983b1d46a7b94d79b8ee738) Importer(815301076,1909f56bfc062723c751e8b465ee728b)  -> (artifact id: 'd748f3a10407adebf1a581cb26694d11') in 0.071570 seconds 
========================================================================
Received Import Request.
  Time since last request: 0.000237 seconds.
  path: Assets/Jewels/Prefabs/red.prefab
  artifactKey: Guid(727dcad298c568646ae3313d7092b3cd) Importer(815301076,1909f56bfc062723c751e8b465ee728b)
Start importing Assets/Jewels/Prefabs/red.prefab using Guid(727dcad298c568646ae3313d7092b3cd) Importer(815301076,1909f56bfc062723c751e8b465ee728b)  -> (artifact id: 'dff94513d31edf55092f994591ba775c') in 0.042835 seconds 
========================================================================
Received Import Request.
  Time since last request: 0.000255 seconds.
  path: Assets/Jewels/Prefabs/yellow.prefab
  artifactKey: Guid(07d978cedf23e6a45af7c9fdfccbd253) Importer(815301076,1909f56bfc062723c751e8b465ee728b)
Start importing Assets/Jewels/Prefabs/yellow.prefab using Guid(07d978cedf23e6a45af7c9fdfccbd253) Importer(815301076,1909f56bfc062723c751e8b465ee728b)  -> (artifact id: '79df2af2f6f3701fbdc5a906b5406803') in 0.038629 seconds 
========================================================================
Received Import Request.
  Time since last request: 0.000393 seconds.
  path: Assets/Jewels/Prefabs/green.prefab
  artifactKey: Guid(e43c1ea27ce68b04bbb3277585499c78) Importer(815301076,1909f56bfc062723c751e8b465ee728b)
Start importing Assets/Jewels/Prefabs/green.prefab using Guid(e43c1ea27ce68b04bbb3277585499c78) Importer(815301076,1909f56bfc062723c751e8b465ee728b)  -> (artifact id: '1bf2a021b80475a9b01da1bef4f29509') in 0.035388 seconds 
========================================================================
Received Prepare
Registering precompiled user dll's ...
Registered in 0.003683 seconds.
Begin MonoManager ReloadAssembly
Native extension for WindowsStandalone target not found
Refreshing native plugins compatible for Editor in 1.39 ms, found 2 plugins.
Preloading 0 native plugins for Editor in 0.00 ms.
Mono: successfully reloaded assembly
- Completed reload, in  1.476 seconds
Platform modules already initialized, skipping
Switching build target platform(19) subTarget(0) extendedPlatform(0) -> platform(13) subTarget(537395200) extendedPlatform(0)
Refreshing native plugins compatible for Editor in 0.80 ms, found 2 plugins.
Preloading 0 native plugins for Editor in 0.00 ms.
Unloading 3475 Unused Serialized files (Serialized files now loaded: 0)
Unloading 25 unused Assets / (24.6 KB). Loaded Objects now: 4104.
Memory consumption went from 160.4 MB to 160.3 MB.
Total: 3.480900 ms (FindLiveObjects: 0.347900 ms CreateObjectMapping: 0.173700 ms MarkObjects: 2.895800 ms  DeleteObjects: 0.062700 ms)

AssetImportParameters requested are different than current active one (requested -> active):
  custom:graphics/default-texture-compression-format: 02000000000000000000000000000000 -> 01000000000000000000000000000000
  custom:framework-win-MediaFoundation: 216162199b28c13a410421893ffa2e32 -> 
  custom:video-decoder-ogg-theora: a1e56fd34408186e4bbccfd4996cb3dc -> 
  custom:container-muxer-webm: aa71ff27fc2769a1b78a27578f13a17b -> 
  custom:container-demuxer-webm: 4f35f7cbe854078d1ac9338744f61a02 -> 
  custom:video-encoder-webm-vp8: eb34c28f22e8b96e1ab97ce403110664 -> 
  custom:container-demuxer-ogg: 62fdf1f143b41e24485cea50d1cbac27 -> 
  custom:graphics/normal-map-encoding: 01000000000000000000000000000000 -> 02000000000000000000000000000000
  custom:audio-decoder-ogg-vorbis: bf7c407c2cedff20999df2af8eb42d56 -> 
  custom:video-decoder-webm-vp8: 9c59270c3fd7afecdb556c50c9e8de78 -> 
  custom:audio-encoder-webm-vorbis: bf7c407c2cedff20999df2af8eb42d56 -> 
========================================================================
Received Prepare
Refreshing native plugins compatible for Editor in 423.60 ms, found 2 plugins.
Preloading 0 native plugins for Editor in 0.00 ms.
Unloading 23 Unused Serialized files (Serialized files now loaded: 0)
Unloading 23 unused Assets / (22.0 KB). Loaded Objects now: 4104.
Memory consumption went from 92.1 MB to 92.1 MB.
Total: 4.057100 ms (FindLiveObjects: 0.309400 ms CreateObjectMapping: 0.157700 ms MarkObjects: 3.514600 ms  DeleteObjects: 0.074600 ms)

AssetImportParameters requested are different than current active one (requested -> active):
  custom:framework-win-MediaFoundation: 216162199b28c13a410421893ffa2e32 -> 
  custom:video-decoder-ogg-theora: a1e56fd34408186e4bbccfd4996cb3dc -> 
  custom:container-muxer-webm: aa71ff27fc2769a1b78a27578f13a17b -> 
  custom:container-demuxer-webm: 4f35f7cbe854078d1ac9338744f61a02 -> 
  custom:video-encoder-webm-vp8: eb34c28f22e8b96e1ab97ce403110664 -> 
  custom:container-demuxer-ogg: 62fdf1f143b41e24485cea50d1cbac27 -> 
  custom:audio-decoder-ogg-vorbis: bf7c407c2cedff20999df2af8eb42d56 -> 
  custom:video-decoder-webm-vp8: 9c59270c3fd7afecdb556c50c9e8de78 -> 
  custom:audio-encoder-webm-vorbis: bf7c407c2cedff20999df2af8eb42d56 -> 
========================================================================
Received Prepare
Registering precompiled user dll's ...
Registered in 0.002602 seconds.
Begin MonoManager ReloadAssembly
Native extension for WindowsStandalone target not found
Refreshing native plugins compatible for Editor in 0.91 ms, found 2 plugins.
Preloading 0 native plugins for Editor in 0.00 ms.
Mono: successfully reloaded assembly
- Completed reload, in  1.029 seconds
Platform modules already initialized, skipping
Switching build target platform(19) subTarget(0) extendedPlatform(0) -> platform(13) subTarget(537395200) extendedPlatform(0)
Refreshing native plugins compatible for Editor in 1.15 ms, found 2 plugins.
Preloading 0 native plugins for Editor in 0.00 ms.
Unloading 3475 Unused Serialized files (Serialized files now loaded: 0)
Unloading 25 unused Assets / (24.7 KB). Loaded Objects now: 4108.
Memory consumption went from 160.4 MB to 160.3 MB.
Total: 3.728800 ms (FindLiveObjects: 0.342800 ms CreateObjectMapping: 0.158200 ms MarkObjects: 3.204100 ms  DeleteObjects: 0.023000 ms)

AssetImportParameters requested are different than current active one (requested -> active):
  custom:graphics/default-texture-compression-format: 02000000000000000000000000000000 -> 01000000000000000000000000000000
  custom:framework-win-MediaFoundation: 216162199b28c13a410421893ffa2e32 -> 
  custom:video-decoder-ogg-theora: a1e56fd34408186e4bbccfd4996cb3dc -> 
  custom:container-muxer-webm: aa71ff27fc2769a1b78a27578f13a17b -> 
  custom:container-demuxer-webm: 4f35f7cbe854078d1ac9338744f61a02 -> 
  custom:video-encoder-webm-vp8: eb34c28f22e8b96e1ab97ce403110664 -> 
  custom:container-demuxer-ogg: 62fdf1f143b41e24485cea50d1cbac27 -> 
  custom:graphics/normal-map-encoding: 01000000000000000000000000000000 -> 02000000000000000000000000000000
  custom:audio-decoder-ogg-vorbis: bf7c407c2cedff20999df2af8eb42d56 -> 
  custom:video-decoder-webm-vp8: 9c59270c3fd7afecdb556c50c9e8de78 -> 
  custom:audio-encoder-webm-vorbis: bf7c407c2cedff20999df2af8eb42d56 -> 
========================================================================
Received Prepare
Refreshing native plugins compatible for Editor in 496.08 ms, found 2 plugins.
Preloading 0 native plugins for Editor in 0.00 ms.
Unloading 23 Unused Serialized files (Serialized files now loaded: 0)
Unloading 23 unused Assets / (22.0 KB). Loaded Objects now: 4108.
Memory consumption went from 92.1 MB to 92.1 MB.
Total: 4.128200 ms (FindLiveObjects: 0.640000 ms CreateObjectMapping: 0.413400 ms MarkObjects: 3.052600 ms  DeleteObjects: 0.021600 ms)

AssetImportParameters requested are different than current active one (requested -> active):
  custom:framework-win-MediaFoundation: 216162199b28c13a410421893ffa2e32 -> 
  custom:video-decoder-ogg-theora: a1e56fd34408186e4bbccfd4996cb3dc -> 
  custom:container-muxer-webm: aa71ff27fc2769a1b78a27578f13a17b -> 
  custom:container-demuxer-webm: 4f35f7cbe854078d1ac9338744f61a02 -> 
  custom:video-encoder-webm-vp8: eb34c28f22e8b96e1ab97ce403110664 -> 
  custom:container-demuxer-ogg: 62fdf1f143b41e24485cea50d1cbac27 -> 
  custom:audio-decoder-ogg-vorbis: bf7c407c2cedff20999df2af8eb42d56 -> 
  custom:video-decoder-webm-vp8: 9c59270c3fd7afecdb556c50c9e8de78 -> 
  custom:audio-encoder-webm-vorbis: bf7c407c2cedff20999df2af8eb42d56 -> 
========================================================================
Received Prepare
Registering precompiled user dll's ...
Registered in 0.002681 seconds.
Begin MonoManager ReloadAssembly
Native extension for WindowsStandalone target not found
Refreshing native plugins compatible for Editor in 0.87 ms, found 2 plugins.
Preloading 0 native plugins for Editor in 0.00 ms.
Mono: successfully reloaded assembly
- Completed reload, in  1.091 seconds
Platform modules already initialized, skipping
Switching build target platform(19) subTarget(0) extendedPlatform(0) -> platform(13) subTarget(537395200) extendedPlatform(0)
Refreshing native plugins compatible for Editor in 0.69 ms, found 2 plugins.
Preloading 0 native plugins for Editor in 0.00 ms.
Unloading 3475 Unused Serialized files (Serialized files now loaded: 0)
Unloading 25 unused Assets / (24.7 KB). Loaded Objects now: 4112.
Memory consumption went from 160.4 MB to 160.4 MB.
Total: 3.831500 ms (FindLiveObjects: 0.378100 ms CreateObjectMapping: 0.243700 ms MarkObjects: 3.183500 ms  DeleteObjects: 0.025400 ms)

AssetImportParameters requested are different than current active one (requested -> active):
  custom:graphics/default-texture-compression-format: 02000000000000000000000000000000 -> 01000000000000000000000000000000
  custom:framework-win-MediaFoundation: 216162199b28c13a410421893ffa2e32 -> 
  custom:video-decoder-ogg-theora: a1e56fd34408186e4bbccfd4996cb3dc -> 
  custom:container-muxer-webm: aa71ff27fc2769a1b78a27578f13a17b -> 
  custom:container-demuxer-webm: 4f35f7cbe854078d1ac9338744f61a02 -> 
  custom:video-encoder-webm-vp8: eb34c28f22e8b96e1ab97ce403110664 -> 
  custom:container-demuxer-ogg: 62fdf1f143b41e24485cea50d1cbac27 -> 
  custom:graphics/normal-map-encoding: 01000000000000000000000000000000 -> 02000000000000000000000000000000
  custom:audio-decoder-ogg-vorbis: bf7c407c2cedff20999df2af8eb42d56 -> 
  custom:video-decoder-webm-vp8: 9c59270c3fd7afecdb556c50c9e8de78 -> 
  custom:audio-encoder-webm-vorbis: bf7c407c2cedff20999df2af8eb42d56 -> 
========================================================================
Received Prepare
Refreshing native plugins compatible for Editor in 496.58 ms, found 2 plugins.
Preloading 0 native plugins for Editor in 0.00 ms.
Unloading 23 Unused Serialized files (Serialized files now loaded: 0)
Unloading 23 unused Assets / (23.1 KB). Loaded Objects now: 4112.
Memory consumption went from 92.1 MB to 92.1 MB.
Total: 3.612000 ms (FindLiveObjects: 0.360700 ms CreateObjectMapping: 0.164600 ms MarkObjects: 3.058400 ms  DeleteObjects: 0.027400 ms)

AssetImportParameters requested are different than current active one (requested -> active):
  custom:framework-win-MediaFoundation: 216162199b28c13a410421893ffa2e32 -> 
  custom:video-decoder-ogg-theora: a1e56fd34408186e4bbccfd4996cb3dc -> 
  custom:container-muxer-webm: aa71ff27fc2769a1b78a27578f13a17b -> 
  custom:container-demuxer-webm: 4f35f7cbe854078d1ac9338744f61a02 -> 
  custom:video-encoder-webm-vp8: eb34c28f22e8b96e1ab97ce403110664 -> 
  custom:container-demuxer-ogg: 62fdf1f143b41e24485cea50d1cbac27 -> 
  custom:audio-decoder-ogg-vorbis: bf7c407c2cedff20999df2af8eb42d56 -> 
  custom:video-decoder-webm-vp8: 9c59270c3fd7afecdb556c50c9e8de78 -> 
  custom:audio-encoder-webm-vorbis: bf7c407c2cedff20999df2af8eb42d56 -> 
========================================================================
Received Prepare
Registering precompiled user dll's ...
Registered in 0.002907 seconds.
Begin MonoManager ReloadAssembly
Native extension for WindowsStandalone target not found
Refreshing native plugins compatible for Editor in 0.68 ms, found 2 plugins.
Preloading 0 native plugins for Editor in 0.00 ms.
Mono: successfully reloaded assembly
- Completed reload, in  1.009 seconds
Platform modules already initialized, skipping
Switching build target platform(19) subTarget(0) extendedPlatform(0) -> platform(13) subTarget(537395200) extendedPlatform(0)
Refreshing native plugins compatible for Editor in 0.67 ms, found 2 plugins.
Preloading 0 native plugins for Editor in 0.00 ms.
Unloading 3475 Unused Serialized files (Serialized files now loaded: 0)
Unloading 25 unused Assets / (24.7 KB). Loaded Objects now: 4116.
Memory consumption went from 160.4 MB to 160.4 MB.
Total: 3.438800 ms (FindLiveObjects: 0.288600 ms CreateObjectMapping: 0.155800 ms MarkObjects: 2.974100 ms  DeleteObjects: 0.019600 ms)

AssetImportParameters requested are different than current active one (requested -> active):
  custom:graphics/default-texture-compression-format: 02000000000000000000000000000000 -> 01000000000000000000000000000000
  custom:framework-win-MediaFoundation: 216162199b28c13a410421893ffa2e32 -> 
  custom:video-decoder-ogg-theora: a1e56fd34408186e4bbccfd4996cb3dc -> 
  custom:container-muxer-webm: aa71ff27fc2769a1b78a27578f13a17b -> 
  custom:container-demuxer-webm: 4f35f7cbe854078d1ac9338744f61a02 -> 
  custom:video-encoder-webm-vp8: eb34c28f22e8b96e1ab97ce403110664 -> 
  custom:container-demuxer-ogg: 62fdf1f143b41e24485cea50d1cbac27 -> 
  custom:graphics/normal-map-encoding: 01000000000000000000000000000000 -> 02000000000000000000000000000000
  custom:audio-decoder-ogg-vorbis: bf7c407c2cedff20999df2af8eb42d56 -> 
  custom:video-decoder-webm-vp8: 9c59270c3fd7afecdb556c50c9e8de78 -> 
  custom:audio-encoder-webm-vorbis: bf7c407c2cedff20999df2af8eb42d56 -> 
========================================================================
Received Prepare
Refreshing native plugins compatible for Editor in 3.91 ms, found 2 plugins.
Preloading 0 native plugins for Editor in 0.00 ms.
Unloading 23 Unused Serialized files (Serialized files now loaded: 0)
Unloading 23 unused Assets / (22.0 KB). Loaded Objects now: 4116.
Memory consumption went from 92.2 MB to 92.1 MB.
Total: 3.356700 ms (FindLiveObjects: 0.311700 ms CreateObjectMapping: 0.164800 ms MarkObjects: 2.863100 ms  DeleteObjects: 0.016500 ms)

AssetImportParameters requested are different than current active one (requested -> active):
  custom:framework-win-MediaFoundation: 216162199b28c13a410421893ffa2e32 -> 
  custom:video-decoder-ogg-theora: a1e56fd34408186e4bbccfd4996cb3dc -> 
  custom:container-muxer-webm: aa71ff27fc2769a1b78a27578f13a17b -> 
  custom:container-demuxer-webm: 4f35f7cbe854078d1ac9338744f61a02 -> 
  custom:video-encoder-webm-vp8: eb34c28f22e8b96e1ab97ce403110664 -> 
  custom:container-demuxer-ogg: 62fdf1f143b41e24485cea50d1cbac27 -> 
  custom:audio-decoder-ogg-vorbis: bf7c407c2cedff20999df2af8eb42d56 -> 
  custom:video-decoder-webm-vp8: 9c59270c3fd7afecdb556c50c9e8de78 -> 
  custom:audio-encoder-webm-vorbis: bf7c407c2cedff20999df2af8eb42d56 -> 
========================================================================
Received Prepare
Registering precompiled user dll's ...
Registered in 0.002498 seconds.
Begin MonoManager ReloadAssembly
Native extension for WindowsStandalone target not found
Refreshing native plugins compatible for Editor in 0.70 ms, found 2 plugins.
Preloading 0 native plugins for Editor in 0.00 ms.
Mono: successfully reloaded assembly
- Completed reload, in  1.031 seconds
Platform modules already initialized, skipping
Switching build target platform(19) subTarget(0) extendedPlatform(0) -> platform(13) subTarget(537395200) extendedPlatform(0)
Refreshing native plugins compatible for Editor in 0.87 ms, found 2 plugins.
Preloading 0 native plugins for Editor in 0.00 ms.
Unloading 3475 Unused Serialized files (Serialized files now loaded: 0)
Unloading 25 unused Assets / (24.6 KB). Loaded Objects now: 4120.
Memory consumption went from 160.4 MB to 160.4 MB.
Total: 3.382900 ms (FindLiveObjects: 0.325200 ms CreateObjectMapping: 0.192700 ms MarkObjects: 2.840900 ms  DeleteObjects: 0.023300 ms)

AssetImportParameters requested are different than current active one (requested -> active):
  custom:graphics/default-texture-compression-format: 02000000000000000000000000000000 -> 01000000000000000000000000000000
  custom:framework-win-MediaFoundation: 216162199b28c13a410421893ffa2e32 -> 
  custom:video-decoder-ogg-theora: a1e56fd34408186e4bbccfd4996cb3dc -> 
  custom:container-muxer-webm: aa71ff27fc2769a1b78a27578f13a17b -> 
  custom:container-demuxer-webm: 4f35f7cbe854078d1ac9338744f61a02 -> 
  custom:video-encoder-webm-vp8: eb34c28f22e8b96e1ab97ce403110664 -> 
  custom:container-demuxer-ogg: 62fdf1f143b41e24485cea50d1cbac27 -> 
  custom:graphics/normal-map-encoding: 01000000000000000000000000000000 -> 02000000000000000000000000000000
  custom:audio-decoder-ogg-vorbis: bf7c407c2cedff20999df2af8eb42d56 -> 
  custom:video-decoder-webm-vp8: 9c59270c3fd7afecdb556c50c9e8de78 -> 
  custom:audio-encoder-webm-vorbis: bf7c407c2cedff20999df2af8eb42d56 -> 
========================================================================
Received Prepare
Refreshing native plugins compatible for Editor in 4.23 ms, found 2 plugins.
Preloading 0 native plugins for Editor in 0.00 ms.
Unloading 23 Unused Serialized files (Serialized files now loaded: 0)
Unloading 23 unused Assets / (21.9 KB). Loaded Objects now: 4120.
Memory consumption went from 92.2 MB to 92.1 MB.
Total: 3.903200 ms (FindLiveObjects: 0.312900 ms CreateObjectMapping: 0.183900 ms MarkObjects: 3.383800 ms  DeleteObjects: 0.021800 ms)

AssetImportParameters requested are different than current active one (requested -> active):
  custom:framework-win-MediaFoundation: 216162199b28c13a410421893ffa2e32 -> 
  custom:video-decoder-ogg-theora: a1e56fd34408186e4bbccfd4996cb3dc -> 
  custom:container-muxer-webm: aa71ff27fc2769a1b78a27578f13a17b -> 
  custom:container-demuxer-webm: 4f35f7cbe854078d1ac9338744f61a02 -> 
  custom:video-encoder-webm-vp8: eb34c28f22e8b96e1ab97ce403110664 -> 
  custom:container-demuxer-ogg: 62fdf1f143b41e24485cea50d1cbac27 -> 
  custom:audio-decoder-ogg-vorbis: bf7c407c2cedff20999df2af8eb42d56 -> 
  custom:video-decoder-webm-vp8: 9c59270c3fd7afecdb556c50c9e8de78 -> 
  custom:audio-encoder-webm-vorbis: bf7c407c2cedff20999df2af8eb42d56 -> 
AssetImportWorkerClient::OnTransportError - code=2 error=End of file
