Using pre-set license
Built from '2021.1/staging' branch; Version is '2021.1.0b6 (4f6b2ade48ff) revision 5204778'; Using compiler version '192528614'; Build Type 'Release'
OS: 'Windows 10 Pro; OS build 19041.450; Version 2004; 64bit' Language: 'ru' Physical Memory: 7599 MB
BatchMode: 1, IsHumanControllingUs: 0, StartBugReporterOnCrash: 0, Is64bit: 1, IsPro: 0

 COMMAND LINE ARGUMENTS:
C:\Users\User\Desktop\Games\2021.1.0b6\Editor\Unity.exe
-adb2
-batchMode
-noUpm
-name
AssetImportWorker0
-projectPath
C:/Users/User/Documents/GitHub/Get-Alive-or-Rich
-logFile
Logs/AssetImportWorker0.log
-srvPort
58662
Successfully changed project path to: C:/Users/User/Documents/GitHub/Get-Alive-or-Rich
C:/Users/User/Documents/GitHub/Get-Alive-or-Rich
Using Asset Import Pipeline V2.
Refreshing native plugins compatible for Editor in 98.14 ms, found 2 plugins.
Preloading 0 native plugins for Editor in 0.00 ms.
Initialize engine version: 2021.1.0b6 (4f6b2ade48ff)
[Subsystems] Discovering subsystems at path C:/Users/User/Desktop/Games/2021.1.0b6/Editor/Data/Resources/UnitySubsystems
[Subsystems] Discovering subsystems at path C:/Users/User/Documents/GitHub/Get-Alive-or-Rich/Assets
GfxDevice: creating device client; threaded=0; jobified=0
Direct3D:
    Version:  Direct3D 11.0 [level 11.1]
    Renderer: NVIDIA GeForce GTX 1650 (ID=0x1f99)
    Vendor:   NVIDIA
    VRAM:     3962 MB
    Driver:   27.21.14.5730
Initialize mono
Mono path[0] = 'C:/Users/User/Desktop/Games/2021.1.0b6/Editor/Data/Managed'
Mono path[1] = 'C:/Users/User/Desktop/Games/2021.1.0b6/Editor/Data/MonoBleedingEdge/lib/mono/unityjit'
Mono config path = 'C:/Users/User/Desktop/Games/2021.1.0b6/Editor/Data/MonoBleedingEdge/etc'
Using monoOptions --debugger-agent=transport=dt_socket,embedding=1,server=y,suspend=n,address=127.0.0.1:56448
Begin MonoManager ReloadAssembly
Registering precompiled unity dll's ...
Register platform support module: C:/Users/User/Desktop/Games/2021.1.0b6/Editor/Data/PlaybackEngines/WindowsStandaloneSupport/UnityEditor.WindowsStandalone.Extensions.dll
Registered in 0.001221 seconds.
Native extension for WindowsStandalone target not found
Refreshing native plugins compatible for Editor in 90.07 ms, found 2 plugins.
Preloading 0 native plugins for Editor in 0.00 ms.
Mono: successfully reloaded assembly
- Completed reload, in  3.304 seconds
Platform modules already initialized, skipping
Registering precompiled user dll's ...
Registered in 0.002499 seconds.
Begin MonoManager ReloadAssembly
Error: Could not load signature of Unity.Android.Logcat.AndroidLogcat:.ctor due to: Could not load file or assembly 'UnityEditor.Android.Extensions, Version=1.0.0.0, Culture=neutral, PublicKeyToken=null' or one of its dependencies. assembly:UnityEditor.Android.Extensions, Version=1.0.0.0, Culture=neutral, PublicKeyToken=null type:<unknown type> member:(null) signature:<none>
0x00007ff724c8377c (Unity) StackWalker::GetCurrentCallstack
0x00007ff724c89919 (Unity) StackWalker::ShowCallstack
0x00007ff7254788f3 (Unity) GetStacktrace
0x00007ff7263710ba (Unity) DebugStringToFile
0x00007ff724b83f07 (Unity) ScanForAttributesAndInterfaceImplementations
0x00007ff724b9dffa (Unity) MonoManager::EndReloadAssembly
0x00007ff724ba509d (Unity) MonoManager::ReloadAssembly
0x00007ff72533ce92 (Unity) LoadDomainAndUserAssemblies
0x00007ff72533d24c (Unity) LoadUserAssemblies
0x00007ff725076e89 (Unity) Application::InitializeProject
0x00007ff725482027 (Unity) WinMain
0x00007ff726fe0fb2 (Unity) __scrt_common_main_seh
0x00007fffa7d66fd4 (KERNEL32) BaseThreadInitThunk
0x00007fffa93bcec1 (ntdll) RtlUserThreadStart

Unloading broken assembly Library/ScriptAssemblies/Unity.Mobile.AndroidLogcat.Editor.dll, this assembly can cause crashes in the runtime
0x00007ff724c8377c (Unity) StackWalker::GetCurrentCallstack
0x00007ff724c89919 (Unity) StackWalker::ShowCallstack
0x00007ff7254788f3 (Unity) GetStacktrace
0x00007ff7263710ba (Unity) DebugStringToFile
0x00007ff724ba6b0f (Unity) MonoManager::SetupLoadedEditorAssemblies
0x00007ff724b9e355 (Unity) MonoManager::EndReloadAssembly
0x00007ff724ba509d (Unity) MonoManager::ReloadAssembly
0x00007ff72533ce92 (Unity) LoadDomainAndUserAssemblies
0x00007ff72533d24c (Unity) LoadUserAssemblies
0x00007ff725076e89 (Unity) Application::InitializeProject
0x00007ff725482027 (Unity) WinMain
0x00007ff726fe0fb2 (Unity) __scrt_common_main_seh
0x00007fffa7d66fd4 (KERNEL32) BaseThreadInitThunk
0x00007fffa93bcec1 (ntdll) RtlUserThreadStart

Native extension for WindowsStandalone target not found
Refreshing native plugins compatible for Editor in 92.38 ms, found 2 plugins.
Preloading 0 native plugins for Editor in 0.00 ms.
Mono: successfully reloaded assembly
- Completed reload, in  1.654 seconds
Platform modules already initialized, skipping
========================================================================
Worker process is ready to serve import requests
Launched and connected shader compiler UnityShaderCompiler.exe after 0.06 seconds
Refreshing native plugins compatible for Editor in 0.81 ms, found 2 plugins.
Preloading 0 native plugins for Editor in 0.00 ms.
Unloading 3444 Unused Serialized files (Serialized files now loaded: 0)
System memory in use before: 129.7 MB.
System memory in use after: 129.9 MB.

Unloading 37 unused Assets to reduce memory usage. Loaded Objects now: 3884.
Total: 3.072900 ms (FindLiveObjects: 0.374300 ms CreateObjectMapping: 0.120900 ms MarkObjects: 2.510500 ms  DeleteObjects: 0.066100 ms)

========================================================================
Received Import Request.
  path: Assets/Jewels
  artifactKey: Guid(3681bd050f0e36a449f56bd35df92e8e) Importer(815301076,1909f56bfc062723c751e8b465ee728b)
Start importing Assets/Jewels using Guid(3681bd050f0e36a449f56bd35df92e8e) Importer(815301076,1909f56bfc062723c751e8b465ee728b)  -> (artifact id: 'b68aa2d86f13e7e4172ee318d0d919f1') in 0.006706 seconds 
========================================================================
Received Import Request.
  Time since last request: 0.000272 seconds.
  path: Assets/Jewels/Jewel sprites/кристаллы3 - простые-1.png
  artifactKey: Guid(c5b4f28bd27a42f4b8ffabbd35cbd542) Importer(815301076,1909f56bfc062723c751e8b465ee728b)
Start importing Assets/Jewels/Jewel sprites/кристаллы3 - простые-1.png using Guid(c5b4f28bd27a42f4b8ffabbd35cbd542) Importer(815301076,1909f56bfc062723c751e8b465ee728b)  -> (artifact id: 'b0862ad804c7a45c2ef9ff44a1c992a3') in 0.102445 seconds 
========================================================================
Received Import Request.
  Time since last request: 0.000198 seconds.
  path: Assets/Jewels/Jewel sprites/bblluuee.png
  artifactKey: Guid(0dbb047c2b189cb49a8698a89e365603) Importer(815301076,1909f56bfc062723c751e8b465ee728b)
Start importing Assets/Jewels/Jewel sprites/bblluuee.png using Guid(0dbb047c2b189cb49a8698a89e365603) Importer(815301076,1909f56bfc062723c751e8b465ee728b)  -> (artifact id: '4f2087479a67161725247b40210730f9') in 0.023096 seconds 
========================================================================
Received Import Request.
  Time since last request: 0.000220 seconds.
  path: Assets/Jewels/Jewel sprites
  artifactKey: Guid(1167f6cfb5384554295a0cd7508d0573) Importer(815301076,1909f56bfc062723c751e8b465ee728b)
Start importing Assets/Jewels/Jewel sprites using Guid(1167f6cfb5384554295a0cd7508d0573) Importer(815301076,1909f56bfc062723c751e8b465ee728b)  -> (artifact id: '52d8e849c3d2f0989d7edc72ed7f6def') in 0.001293 seconds 
========================================================================
Received Import Request.
  Time since last request: 0.000385 seconds.
  path: Assets/Jewels/Jewel sprites/vertical-1.png
  artifactKey: Guid(1ae512e3a11c9c74ba6875a060f0b736) Importer(815301076,1909f56bfc062723c751e8b465ee728b)
Start importing Assets/Jewels/Jewel sprites/vertical-1.png using Guid(1ae512e3a11c9c74ba6875a060f0b736) Importer(815301076,1909f56bfc062723c751e8b465ee728b)  -> (artifact id: 'c732c0966d7b7fae1d294f78c4028637') in 0.048674 seconds 
========================================================================
Received Import Request.
  Time since last request: 0.000433 seconds.
  path: Assets/Jewels/Jewel sprites/blue.png
  artifactKey: Guid(c52e5f8240bd40344b7f72058d4f1c61) Importer(815301076,1909f56bfc062723c751e8b465ee728b)
Start importing Assets/Jewels/Jewel sprites/blue.png using Guid(c52e5f8240bd40344b7f72058d4f1c61) Importer(815301076,1909f56bfc062723c751e8b465ee728b)  -> (artifact id: '1c0354aee9383d778656cb5de471b70f') in 0.013188 seconds 
========================================================================
Received Import Request.
  Time since last request: 0.000483 seconds.
  path: Assets/Jewels/Jewel sprites/orange.png
  artifactKey: Guid(42b3a05040d29c441b1330322c3b4d48) Importer(815301076,1909f56bfc062723c751e8b465ee728b)
Start importing Assets/Jewels/Jewel sprites/orange.png using Guid(42b3a05040d29c441b1330322c3b4d48) Importer(815301076,1909f56bfc062723c751e8b465ee728b)  -> (artifact id: '4d8841a1f24809438a4dfe6bfd3e14f7') in 0.012696 seconds 
========================================================================
Received Import Request.
  Time since last request: 0.000201 seconds.
  path: Assets/Jewels/Jewel sprites/yellow.png
  artifactKey: Guid(76c21b214d9ad2a49820da8e61edf635) Importer(815301076,1909f56bfc062723c751e8b465ee728b)
Start importing Assets/Jewels/Jewel sprites/yellow.png using Guid(76c21b214d9ad2a49820da8e61edf635) Importer(815301076,1909f56bfc062723c751e8b465ee728b)  -> (artifact id: '9c47708ec42cea47f339ef1678253b6c') in 0.018224 seconds 
========================================================================
Received Import Request.
  Time since last request: 0.000313 seconds.
  path: Assets/Jewels/Jewel sprites/red.png
  artifactKey: Guid(a3c1d7b5cbc1b974283033214d59c3fb) Importer(815301076,1909f56bfc062723c751e8b465ee728b)
Start importing Assets/Jewels/Jewel sprites/red.png using Guid(a3c1d7b5cbc1b974283033214d59c3fb) Importer(815301076,1909f56bfc062723c751e8b465ee728b)  -> (artifact id: '14401a1862effe15c2f5912e6696d0ff') in 0.015341 seconds 
========================================================================
Received Import Request.
  Time since last request: 0.000172 seconds.
  path: Assets/Jewels/Jewel sprites/green.png
  artifactKey: Guid(eb86d689aa02bf64a84ab6d99c5c0caf) Importer(815301076,1909f56bfc062723c751e8b465ee728b)
Start importing Assets/Jewels/Jewel sprites/green.png using Guid(eb86d689aa02bf64a84ab6d99c5c0caf) Importer(815301076,1909f56bfc062723c751e8b465ee728b)  -> (artifact id: '9aaa2b727732730109b9e7bc2e17a7ac') in 0.018308 seconds 
========================================================================
Received Import Request.
  Time since last request: 0.000268 seconds.
  path: Assets/Jewels/Jewel sprites/puple.png
  artifactKey: Guid(146cbd11a0c6fbb4c93c67d127f5cb58) Importer(815301076,1909f56bfc062723c751e8b465ee728b)
Start importing Assets/Jewels/Jewel sprites/puple.png using Guid(146cbd11a0c6fbb4c93c67d127f5cb58) Importer(815301076,1909f56bfc062723c751e8b465ee728b)  -> (artifact id: '2709ec045246c888a3c5fd3c475ced30') in 0.016317 seconds 
========================================================================
Received Import Request.
  Time since last request: 23.729823 seconds.
  path: Assets/Jewels/Prefabs
  artifactKey: Guid(996864495e1b61646961a34e80b24bad) Importer(815301076,1909f56bfc062723c751e8b465ee728b)
Start importing Assets/Jewels/Prefabs using Guid(996864495e1b61646961a34e80b24bad) Importer(815301076,1909f56bfc062723c751e8b465ee728b)  -> (artifact id: '51cb7d5933195bd41660cc518b9940e5') in 0.001285 seconds 
========================================================================
Received Import Request.
  Time since last request: 0.120831 seconds.
  path: Assets/Jewels/Prefabs/bblluuee.prefab
  artifactKey: Guid(2c0a1f3cd002d8d4cbc56c2feec3d7b9) Importer(815301076,1909f56bfc062723c751e8b465ee728b)
Start importing Assets/Jewels/Prefabs/bblluuee.prefab using Guid(2c0a1f3cd002d8d4cbc56c2feec3d7b9) Importer(815301076,1909f56bfc062723c751e8b465ee728b)  -> (artifact id: '92df216b3d334b54a9fb46bdfb5b102e') in 0.033391 seconds 
========================================================================
Received Import Request.
  Time since last request: 0.000278 seconds.
  path: Assets/Jewels/Prefabs/orange.prefab
  artifactKey: Guid(d04002cc033dec047914e0efa1cdfff7) Importer(815301076,1909f56bfc062723c751e8b465ee728b)
Start importing Assets/Jewels/Prefabs/orange.prefab using Guid(d04002cc033dec047914e0efa1cdfff7) Importer(815301076,1909f56bfc062723c751e8b465ee728b)  -> (artifact id: '37020eaffd101e2ecd096180b102db61') in 0.010540 seconds 
========================================================================
Received Import Request.
  Time since last request: 0.000479 seconds.
  path: Assets/Jewels/Prefabs/puple.prefab
  artifactKey: Guid(26142e34930ede045ae6abca1a9e23ca) Importer(815301076,1909f56bfc062723c751e8b465ee728b)
Start importing Assets/Jewels/Prefabs/puple.prefab using Guid(26142e34930ede045ae6abca1a9e23ca) Importer(815301076,1909f56bfc062723c751e8b465ee728b)  -> (artifact id: 'bfaf19f04654b7dc281b2f827a2b2fae') in 0.008241 seconds 
========================================================================
Received Import Request.
  Time since last request: 0.000203 seconds.
  path: Assets/Jewels/Prefabs/blue.prefab
  artifactKey: Guid(4bdd235d1588a474197739ac68b201bb) Importer(815301076,1909f56bfc062723c751e8b465ee728b)
Start importing Assets/Jewels/Prefabs/blue.prefab using Guid(4bdd235d1588a474197739ac68b201bb) Importer(815301076,1909f56bfc062723c751e8b465ee728b)  -> (artifact id: '97ef3b9413a6b4876befa4d2d67f16e7') in 0.010781 seconds 
========================================================================
Received Import Request.
  Time since last request: 0.000297 seconds.
  path: Assets/Jewels/Prefabs/red.prefab
  artifactKey: Guid(727dcad298c568646ae3313d7092b3cd) Importer(815301076,1909f56bfc062723c751e8b465ee728b)
Start importing Assets/Jewels/Prefabs/red.prefab using Guid(727dcad298c568646ae3313d7092b3cd) Importer(815301076,1909f56bfc062723c751e8b465ee728b)  -> (artifact id: 'fcd23ce463b74e93a56e4125734adf0e') in 0.011678 seconds 
========================================================================
Received Import Request.
  Time since last request: 0.000315 seconds.
  path: Assets/Jewels/Prefabs/yellow.prefab
  artifactKey: Guid(07d978cedf23e6a45af7c9fdfccbd253) Importer(815301076,1909f56bfc062723c751e8b465ee728b)
Start importing Assets/Jewels/Prefabs/yellow.prefab using Guid(07d978cedf23e6a45af7c9fdfccbd253) Importer(815301076,1909f56bfc062723c751e8b465ee728b)  -> (artifact id: '27c503e2dbda3d273d0b0ea036d95506') in 0.011190 seconds 
========================================================================
Received Import Request.
  Time since last request: 0.000280 seconds.
  path: Assets/Jewels/Prefabs/green.prefab
  artifactKey: Guid(e43c1ea27ce68b04bbb3277585499c78) Importer(815301076,1909f56bfc062723c751e8b465ee728b)
Start importing Assets/Jewels/Prefabs/green.prefab using Guid(e43c1ea27ce68b04bbb3277585499c78) Importer(815301076,1909f56bfc062723c751e8b465ee728b)  -> (artifact id: 'de7606ce16ebe41056d2c00d7c3db64a') in 0.008784 seconds 
========================================================================
Received Import Request.
  Time since last request: 3.001223 seconds.
  path: Assets/Jewels/Scenes
  artifactKey: Guid(bbbc74fad6ed1d243aee6102298f428b) Importer(815301076,1909f56bfc062723c751e8b465ee728b)
Start importing Assets/Jewels/Scenes using Guid(bbbc74fad6ed1d243aee6102298f428b) Importer(815301076,1909f56bfc062723c751e8b465ee728b)  -> (artifact id: '783278f7017645624a8e20845f5049a7') in 0.001409 seconds 
========================================================================
Received Prepare
Registering precompiled user dll's ...
Registered in 0.002372 seconds.
Begin MonoManager ReloadAssembly
Error: Could not load signature of Unity.Android.Logcat.AndroidLogcat:.ctor due to: Could not load file or assembly 'UnityEditor.Android.Extensions, Version=1.0.0.0, Culture=neutral, PublicKeyToken=null' or one of its dependencies. assembly:UnityEditor.Android.Extensions, Version=1.0.0.0, Culture=neutral, PublicKeyToken=null type:<unknown type> member:(null) signature:<none>
0x00007ff724c8377c (Unity) StackWalker::GetCurrentCallstack
0x00007ff724c89919 (Unity) StackWalker::ShowCallstack
0x00007ff7254788f3 (Unity) GetStacktrace
0x00007ff7263710ba (Unity) DebugStringToFile
0x00007ff724b83f07 (Unity) ScanForAttributesAndInterfaceImplementations
0x00007ff724b9dffa (Unity) MonoManager::EndReloadAssembly
0x00007ff724ba509d (Unity) MonoManager::ReloadAssembly
0x00007ff72533ce92 (Unity) LoadDomainAndUserAssemblies
0x00007ff72533d24c (Unity) LoadUserAssemblies
0x00007ff725544fa8 (Unity) <lambda_15c8da1c90a30e86cd2096f929d4dd2f>::operator()
0x00007ff7255c9d12 (Unity) asio::detail::completion_handler<core::mutable_function<void __cdecl(void)> >::do_complete
0x00007ff7255cbf80 (Unity) asio::detail::win_iocp_io_service::do_one
0x00007ff7255cf66e (Unity) asio::io_service::run
0x00007ff72556ef2a (Unity) RunAssetImportWorkerClientV2
0x00007ff72556ef80 (Unity) RunAssetImporterV2
0x00007ff725076e8e (Unity) Application::InitializeProject
0x00007ff725482027 (Unity) WinMain
0x00007ff726fe0fb2 (Unity) __scrt_common_main_seh
0x00007fffa7d66fd4 (KERNEL32) BaseThreadInitThunk
0x00007fffa93bcec1 (ntdll) RtlUserThreadStart

Unloading broken assembly Library/ScriptAssemblies/Unity.Mobile.AndroidLogcat.Editor.dll, this assembly can cause crashes in the runtime
0x00007ff724c8377c (Unity) StackWalker::GetCurrentCallstack
0x00007ff724c89919 (Unity) StackWalker::ShowCallstack
0x00007ff7254788f3 (Unity) GetStacktrace
0x00007ff7263710ba (Unity) DebugStringToFile
0x00007ff724ba6b0f (Unity) MonoManager::SetupLoadedEditorAssemblies
0x00007ff724b9e355 (Unity) MonoManager::EndReloadAssembly
0x00007ff724ba509d (Unity) MonoManager::ReloadAssembly
0x00007ff72533ce92 (Unity) LoadDomainAndUserAssemblies
0x00007ff72533d24c (Unity) LoadUserAssemblies
0x00007ff725544fa8 (Unity) <lambda_15c8da1c90a30e86cd2096f929d4dd2f>::operator()
0x00007ff7255c9d12 (Unity) asio::detail::completion_handler<core::mutable_function<void __cdecl(void)> >::do_complete
0x00007ff7255cbf80 (Unity) asio::detail::win_iocp_io_service::do_one
0x00007ff7255cf66e (Unity) asio::io_service::run
0x00007ff72556ef2a (Unity) RunAssetImportWorkerClientV2
0x00007ff72556ef80 (Unity) RunAssetImporterV2
0x00007ff725076e8e (Unity) Application::InitializeProject
0x00007ff725482027 (Unity) WinMain
0x00007ff726fe0fb2 (Unity) __scrt_common_main_seh
0x00007fffa7d66fd4 (KERNEL32) BaseThreadInitThunk
0x00007fffa93bcec1 (ntdll) RtlUserThreadStart

Native extension for WindowsStandalone target not found
Refreshing native plugins compatible for Editor in 0.79 ms, found 2 plugins.
Preloading 0 native plugins for Editor in 0.00 ms.
Mono: successfully reloaded assembly
- Completed reload, in  0.895 seconds
Platform modules already initialized, skipping
Switching build target platform(19) subTarget(0) extendedPlatform(0) -> platform(13) subTarget(537395200) extendedPlatform(0)
Refreshing native plugins compatible for Editor in 0.77 ms, found 2 plugins.
Preloading 0 native plugins for Editor in 0.00 ms.
Unloading 3446 Unused Serialized files (Serialized files now loaded: 0)
System memory in use before: 149.4 MB.
System memory in use after: 149.6 MB.

Unloading 25 unused Assets to reduce memory usage. Loaded Objects now: 4039.
Total: 2.746100 ms (FindLiveObjects: 0.428500 ms CreateObjectMapping: 0.121000 ms MarkObjects: 2.161200 ms  DeleteObjects: 0.033100 ms)

AssetImportParameters requested are different than current active one (requested -> active):
  custom:graphics/normal-map-encoding: 01000000000000000000000000000000 -> 02000000000000000000000000000000
========================================================================
Received Prepare
Registering precompiled user dll's ...
Registered in 0.002231 seconds.
Begin MonoManager ReloadAssembly
Error: Could not load signature of Unity.Android.Logcat.AndroidLogcat:.ctor due to: Could not load file or assembly 'UnityEditor.Android.Extensions, Version=1.0.0.0, Culture=neutral, PublicKeyToken=null' or one of its dependencies. assembly:UnityEditor.Android.Extensions, Version=1.0.0.0, Culture=neutral, PublicKeyToken=null type:<unknown type> member:(null) signature:<none>
0x00007ff724c8377c (Unity) StackWalker::GetCurrentCallstack
0x00007ff724c89919 (Unity) StackWalker::ShowCallstack
0x00007ff7254788f3 (Unity) GetStacktrace
0x00007ff7263710ba (Unity) DebugStringToFile
0x00007ff724b83f07 (Unity) ScanForAttributesAndInterfaceImplementations
0x00007ff724b9dffa (Unity) MonoManager::EndReloadAssembly
0x00007ff724ba509d (Unity) MonoManager::ReloadAssembly
0x00007ff72533ce92 (Unity) LoadDomainAndUserAssemblies
0x00007ff72533d24c (Unity) LoadUserAssemblies
0x00007ff725544fa8 (Unity) <lambda_15c8da1c90a30e86cd2096f929d4dd2f>::operator()
0x00007ff7255c9d12 (Unity) asio::detail::completion_handler<core::mutable_function<void __cdecl(void)> >::do_complete
0x00007ff7255cbf80 (Unity) asio::detail::win_iocp_io_service::do_one
0x00007ff7255cf66e (Unity) asio::io_service::run
0x00007ff72556ef2a (Unity) RunAssetImportWorkerClientV2
0x00007ff72556ef80 (Unity) RunAssetImporterV2
0x00007ff725076e8e (Unity) Application::InitializeProject
0x00007ff725482027 (Unity) WinMain
0x00007ff726fe0fb2 (Unity) __scrt_common_main_seh
0x00007fffa7d66fd4 (KERNEL32) BaseThreadInitThunk
0x00007fffa93bcec1 (ntdll) RtlUserThreadStart

Unloading broken assembly Library/ScriptAssemblies/Unity.Mobile.AndroidLogcat.Editor.dll, this assembly can cause crashes in the runtime
0x00007ff724c8377c (Unity) StackWalker::GetCurrentCallstack
0x00007ff724c89919 (Unity) StackWalker::ShowCallstack
0x00007ff7254788f3 (Unity) GetStacktrace
0x00007ff7263710ba (Unity) DebugStringToFile
0x00007ff724ba6b0f (Unity) MonoManager::SetupLoadedEditorAssemblies
0x00007ff724b9e355 (Unity) MonoManager::EndReloadAssembly
0x00007ff724ba509d (Unity) MonoManager::ReloadAssembly
0x00007ff72533ce92 (Unity) LoadDomainAndUserAssemblies
0x00007ff72533d24c (Unity) LoadUserAssemblies
0x00007ff725544fa8 (Unity) <lambda_15c8da1c90a30e86cd2096f929d4dd2f>::operator()
0x00007ff7255c9d12 (Unity) asio::detail::completion_handler<core::mutable_function<void __cdecl(void)> >::do_complete
0x00007ff7255cbf80 (Unity) asio::detail::win_iocp_io_service::do_one
0x00007ff7255cf66e (Unity) asio::io_service::run
0x00007ff72556ef2a (Unity) RunAssetImportWorkerClientV2
0x00007ff72556ef80 (Unity) RunAssetImporterV2
0x00007ff725076e8e (Unity) Application::InitializeProject
0x00007ff725482027 (Unity) WinMain
0x00007ff726fe0fb2 (Unity) __scrt_common_main_seh
0x00007fffa7d66fd4 (KERNEL32) BaseThreadInitThunk
0x00007fffa93bcec1 (ntdll) RtlUserThreadStart

Native extension for WindowsStandalone target not found
Refreshing native plugins compatible for Editor in 0.79 ms, found 2 plugins.
Preloading 0 native plugins for Editor in 0.00 ms.
Mono: successfully reloaded assembly
- Completed reload, in  0.864 seconds
Platform modules already initialized, skipping
Switching build target platform(19) subTarget(0) extendedPlatform(0) -> platform(13) subTarget(537395200) extendedPlatform(0)
Refreshing native plugins compatible for Editor in 0.73 ms, found 2 plugins.
Preloading 0 native plugins for Editor in 0.00 ms.
Unloading 3437 Unused Serialized files (Serialized files now loaded: 0)
System memory in use before: 149.0 MB.
System memory in use after: 149.3 MB.

Unloading 25 unused Assets to reduce memory usage. Loaded Objects now: 4042.
Total: 2.866800 ms (FindLiveObjects: 0.360200 ms CreateObjectMapping: 0.246700 ms MarkObjects: 2.234300 ms  DeleteObjects: 0.024400 ms)

AssetImportParameters requested are different than current active one (requested -> active):
  custom:graphics/normal-map-encoding: 01000000000000000000000000000000 -> 02000000000000000000000000000000
========================================================================
Received Prepare
Registering precompiled user dll's ...
Registered in 0.002193 seconds.
Begin MonoManager ReloadAssembly
Error: Could not load signature of Unity.Android.Logcat.AndroidLogcat:.ctor due to: Could not load file or assembly 'UnityEditor.Android.Extensions, Version=1.0.0.0, Culture=neutral, PublicKeyToken=null' or one of its dependencies. assembly:UnityEditor.Android.Extensions, Version=1.0.0.0, Culture=neutral, PublicKeyToken=null type:<unknown type> member:(null) signature:<none>
0x00007ff724c8377c (Unity) StackWalker::GetCurrentCallstack
0x00007ff724c89919 (Unity) StackWalker::ShowCallstack
0x00007ff7254788f3 (Unity) GetStacktrace
0x00007ff7263710ba (Unity) DebugStringToFile
0x00007ff724b83f07 (Unity) ScanForAttributesAndInterfaceImplementations
0x00007ff724b9dffa (Unity) MonoManager::EndReloadAssembly
0x00007ff724ba509d (Unity) MonoManager::ReloadAssembly
0x00007ff72533ce92 (Unity) LoadDomainAndUserAssemblies
0x00007ff72533d24c (Unity) LoadUserAssemblies
0x00007ff725544fa8 (Unity) <lambda_15c8da1c90a30e86cd2096f929d4dd2f>::operator()
0x00007ff7255c9d12 (Unity) asio::detail::completion_handler<core::mutable_function<void __cdecl(void)> >::do_complete
0x00007ff7255cbf80 (Unity) asio::detail::win_iocp_io_service::do_one
0x00007ff7255cf66e (Unity) asio::io_service::run
0x00007ff72556ef2a (Unity) RunAssetImportWorkerClientV2
0x00007ff72556ef80 (Unity) RunAssetImporterV2
0x00007ff725076e8e (Unity) Application::InitializeProject
0x00007ff725482027 (Unity) WinMain
0x00007ff726fe0fb2 (Unity) __scrt_common_main_seh
0x00007fffa7d66fd4 (KERNEL32) BaseThreadInitThunk
0x00007fffa93bcec1 (ntdll) RtlUserThreadStart

Unloading broken assembly Library/ScriptAssemblies/Unity.Mobile.AndroidLogcat.Editor.dll, this assembly can cause crashes in the runtime
0x00007ff724c8377c (Unity) StackWalker::GetCurrentCallstack
0x00007ff724c89919 (Unity) StackWalker::ShowCallstack
0x00007ff7254788f3 (Unity) GetStacktrace
0x00007ff7263710ba (Unity) DebugStringToFile
0x00007ff724ba6b0f (Unity) MonoManager::SetupLoadedEditorAssemblies
0x00007ff724b9e355 (Unity) MonoManager::EndReloadAssembly
0x00007ff724ba509d (Unity) MonoManager::ReloadAssembly
0x00007ff72533ce92 (Unity) LoadDomainAndUserAssemblies
0x00007ff72533d24c (Unity) LoadUserAssemblies
0x00007ff725544fa8 (Unity) <lambda_15c8da1c90a30e86cd2096f929d4dd2f>::operator()
0x00007ff7255c9d12 (Unity) asio::detail::completion_handler<core::mutable_function<void __cdecl(void)> >::do_complete
0x00007ff7255cbf80 (Unity) asio::detail::win_iocp_io_service::do_one
0x00007ff7255cf66e (Unity) asio::io_service::run
0x00007ff72556ef2a (Unity) RunAssetImportWorkerClientV2
0x00007ff72556ef80 (Unity) RunAssetImporterV2
0x00007ff725076e8e (Unity) Application::InitializeProject
0x00007ff725482027 (Unity) WinMain
0x00007ff726fe0fb2 (Unity) __scrt_common_main_seh
0x00007fffa7d66fd4 (KERNEL32) BaseThreadInitThunk
0x00007fffa93bcec1 (ntdll) RtlUserThreadStart

Native extension for WindowsStandalone target not found
Refreshing native plugins compatible for Editor in 0.79 ms, found 2 plugins.
Preloading 0 native plugins for Editor in 0.00 ms.
Mono: successfully reloaded assembly
- Completed reload, in  0.855 seconds
Platform modules already initialized, skipping
Switching build target platform(19) subTarget(0) extendedPlatform(0) -> platform(13) subTarget(537395200) extendedPlatform(0)
Refreshing native plugins compatible for Editor in 0.82 ms, found 2 plugins.
Preloading 0 native plugins for Editor in 0.00 ms.
Unloading 3437 Unused Serialized files (Serialized files now loaded: 0)
System memory in use before: 149.1 MB.
System memory in use after: 149.3 MB.

Unloading 25 unused Assets to reduce memory usage. Loaded Objects now: 4045.
Total: 2.930700 ms (FindLiveObjects: 0.410000 ms CreateObjectMapping: 0.150900 ms MarkObjects: 2.335400 ms  DeleteObjects: 0.033000 ms)

AssetImportParameters requested are different than current active one (requested -> active):
  custom:graphics/normal-map-encoding: 01000000000000000000000000000000 -> 02000000000000000000000000000000
========================================================================
Received Prepare
Registering precompiled user dll's ...
Registered in 0.002254 seconds.
Begin MonoManager ReloadAssembly
Error: Could not load signature of Unity.Android.Logcat.AndroidLogcat:.ctor due to: Could not load file or assembly 'UnityEditor.Android.Extensions, Version=1.0.0.0, Culture=neutral, PublicKeyToken=null' or one of its dependencies. assembly:UnityEditor.Android.Extensions, Version=1.0.0.0, Culture=neutral, PublicKeyToken=null type:<unknown type> member:(null) signature:<none>
0x00007ff724c8377c (Unity) StackWalker::GetCurrentCallstack
0x00007ff724c89919 (Unity) StackWalker::ShowCallstack
0x00007ff7254788f3 (Unity) GetStacktrace
0x00007ff7263710ba (Unity) DebugStringToFile
0x00007ff724b83f07 (Unity) ScanForAttributesAndInterfaceImplementations
0x00007ff724b9dffa (Unity) MonoManager::EndReloadAssembly
0x00007ff724ba509d (Unity) MonoManager::ReloadAssembly
0x00007ff72533ce92 (Unity) LoadDomainAndUserAssemblies
0x00007ff72533d24c (Unity) LoadUserAssemblies
0x00007ff725544fa8 (Unity) <lambda_15c8da1c90a30e86cd2096f929d4dd2f>::operator()
0x00007ff7255c9d12 (Unity) asio::detail::completion_handler<core::mutable_function<void __cdecl(void)> >::do_complete
0x00007ff7255cbf80 (Unity) asio::detail::win_iocp_io_service::do_one
0x00007ff7255cf66e (Unity) asio::io_service::run
0x00007ff72556ef2a (Unity) RunAssetImportWorkerClientV2
0x00007ff72556ef80 (Unity) RunAssetImporterV2
0x00007ff725076e8e (Unity) Application::InitializeProject
0x00007ff725482027 (Unity) WinMain
0x00007ff726fe0fb2 (Unity) __scrt_common_main_seh
0x00007fffa7d66fd4 (KERNEL32) BaseThreadInitThunk
0x00007fffa93bcec1 (ntdll) RtlUserThreadStart

Unloading broken assembly Library/ScriptAssemblies/Unity.Mobile.AndroidLogcat.Editor.dll, this assembly can cause crashes in the runtime
0x00007ff724c8377c (Unity) StackWalker::GetCurrentCallstack
0x00007ff724c89919 (Unity) StackWalker::ShowCallstack
0x00007ff7254788f3 (Unity) GetStacktrace
0x00007ff7263710ba (Unity) DebugStringToFile
0x00007ff724ba6b0f (Unity) MonoManager::SetupLoadedEditorAssemblies
0x00007ff724b9e355 (Unity) MonoManager::EndReloadAssembly
0x00007ff724ba509d (Unity) MonoManager::ReloadAssembly
0x00007ff72533ce92 (Unity) LoadDomainAndUserAssemblies
0x00007ff72533d24c (Unity) LoadUserAssemblies
0x00007ff725544fa8 (Unity) <lambda_15c8da1c90a30e86cd2096f929d4dd2f>::operator()
0x00007ff7255c9d12 (Unity) asio::detail::completion_handler<core::mutable_function<void __cdecl(void)> >::do_complete
0x00007ff7255cbf80 (Unity) asio::detail::win_iocp_io_service::do_one
0x00007ff7255cf66e (Unity) asio::io_service::run
0x00007ff72556ef2a (Unity) RunAssetImportWorkerClientV2
0x00007ff72556ef80 (Unity) RunAssetImporterV2
0x00007ff725076e8e (Unity) Application::InitializeProject
0x00007ff725482027 (Unity) WinMain
0x00007ff726fe0fb2 (Unity) __scrt_common_main_seh
0x00007fffa7d66fd4 (KERNEL32) BaseThreadInitThunk
0x00007fffa93bcec1 (ntdll) RtlUserThreadStart

Native extension for WindowsStandalone target not found
Refreshing native plugins compatible for Editor in 0.86 ms, found 2 plugins.
Preloading 0 native plugins for Editor in 0.00 ms.
Mono: successfully reloaded assembly
- Completed reload, in  0.866 seconds
Platform modules already initialized, skipping
Switching build target platform(19) subTarget(0) extendedPlatform(0) -> platform(13) subTarget(537395200) extendedPlatform(0)
Refreshing native plugins compatible for Editor in 0.76 ms, found 2 plugins.
Preloading 0 native plugins for Editor in 0.00 ms.
Unloading 3437 Unused Serialized files (Serialized files now loaded: 0)
System memory in use before: 149.1 MB.
System memory in use after: 149.3 MB.

Unloading 25 unused Assets to reduce memory usage. Loaded Objects now: 4048.
Total: 2.881700 ms (FindLiveObjects: 0.405200 ms CreateObjectMapping: 0.199500 ms MarkObjects: 2.242200 ms  DeleteObjects: 0.033600 ms)

AssetImportParameters requested are different than current active one (requested -> active):
  custom:graphics/normal-map-encoding: 01000000000000000000000000000000 -> 02000000000000000000000000000000
========================================================================
Received Import Request.
  Time since last request: 469.915952 seconds.
  path: Assets/Jewels/Prefabs/blue.prefab
  artifactKey: Guid(4bdd235d1588a474197739ac68b201bb) Importer(815301076,1909f56bfc062723c751e8b465ee728b)
Start importing Assets/Jewels/Prefabs/blue.prefab using Guid(4bdd235d1588a474197739ac68b201bb) Importer(815301076,1909f56bfc062723c751e8b465ee728b)  -> (artifact id: '5e59e4c02491d86bfd26e3448a79c223') in 0.070322 seconds 
========================================================================
Received Import Request.
  Time since last request: 3.315462 seconds.
  path: Assets/Jewels/Prefabs/blue.prefab
  artifactKey: Guid(4bdd235d1588a474197739ac68b201bb) Importer(815301076,1909f56bfc062723c751e8b465ee728b)
Start importing Assets/Jewels/Prefabs/blue.prefab using Guid(4bdd235d1588a474197739ac68b201bb) Importer(815301076,1909f56bfc062723c751e8b465ee728b)  -> (artifact id: 'a3e27d1df3d18206171977dead0633a3') in 0.009598 seconds 
========================================================================
Received Import Request.
  Time since last request: 3.989143 seconds.
  path: Assets/Jewels/Prefabs/blue.prefab
  artifactKey: Guid(4bdd235d1588a474197739ac68b201bb) Importer(815301076,1909f56bfc062723c751e8b465ee728b)
Start importing Assets/Jewels/Prefabs/blue.prefab using Guid(4bdd235d1588a474197739ac68b201bb) Importer(815301076,1909f56bfc062723c751e8b465ee728b)  -> (artifact id: 'a722c79b07812816027a4dc6d870288a') in 0.010551 seconds 
========================================================================
Received Import Request.
  Time since last request: 6.287812 seconds.
  path: Assets/Jewels/Prefabs/yellow.prefab
  artifactKey: Guid(07d978cedf23e6a45af7c9fdfccbd253) Importer(815301076,1909f56bfc062723c751e8b465ee728b)
Start importing Assets/Jewels/Prefabs/yellow.prefab using Guid(07d978cedf23e6a45af7c9fdfccbd253) Importer(815301076,1909f56bfc062723c751e8b465ee728b)  -> (artifact id: '1aa48ac67f9c15793326f16173a8388c') in 0.012336 seconds 
========================================================================
Received Import Request.
  Time since last request: 520.579683 seconds.
  path: Assets/2048ku
  artifactKey: Guid(7e9aaef3285fdc64695bf26792e5a1d6) Importer(815301076,1909f56bfc062723c751e8b465ee728b)
Start importing Assets/2048ku using Guid(7e9aaef3285fdc64695bf26792e5a1d6) Importer(815301076,1909f56bfc062723c751e8b465ee728b)  -> (artifact id: '329a4f7e513a05601c4ca8913abfff1d') in 0.001515 seconds 
========================================================================
Received Import Request.
  Time since last request: 2.938580 seconds.
  path: Assets/Editor
  artifactKey: Guid(d98ad1674ee8d5040ad22d07feddcab5) Importer(815301076,1909f56bfc062723c751e8b465ee728b)
Start importing Assets/Editor using Guid(d98ad1674ee8d5040ad22d07feddcab5) Importer(815301076,1909f56bfc062723c751e8b465ee728b)  -> (artifact id: '3024522d8b8173392c9eb39652bf4eb0') in 0.001507 seconds 
========================================================================
Received Prepare
Registering precompiled user dll's ...
Registered in 0.003334 seconds.
Begin MonoManager ReloadAssembly
Error: Could not load signature of Unity.Android.Logcat.AndroidLogcat:.ctor due to: Could not load file or assembly 'UnityEditor.Android.Extensions, Version=1.0.0.0, Culture=neutral, PublicKeyToken=null' or one of its dependencies. assembly:UnityEditor.Android.Extensions, Version=1.0.0.0, Culture=neutral, PublicKeyToken=null type:<unknown type> member:(null) signature:<none>
0x00007ff724c8377c (Unity) StackWalker::GetCurrentCallstack
0x00007ff724c89919 (Unity) StackWalker::ShowCallstack
0x00007ff7254788f3 (Unity) GetStacktrace
0x00007ff7263710ba (Unity) DebugStringToFile
0x00007ff724b83f07 (Unity) ScanForAttributesAndInterfaceImplementations
0x00007ff724b9dffa (Unity) MonoManager::EndReloadAssembly
0x00007ff724ba509d (Unity) MonoManager::ReloadAssembly
0x00007ff72533ce92 (Unity) LoadDomainAndUserAssemblies
0x00007ff72533d24c (Unity) LoadUserAssemblies
0x00007ff725544fa8 (Unity) <lambda_15c8da1c90a30e86cd2096f929d4dd2f>::operator()
0x00007ff7255c9d12 (Unity) asio::detail::completion_handler<core::mutable_function<void __cdecl(void)> >::do_complete
0x00007ff7255cbf80 (Unity) asio::detail::win_iocp_io_service::do_one
0x00007ff7255cf66e (Unity) asio::io_service::run
0x00007ff72556ef2a (Unity) RunAssetImportWorkerClientV2
0x00007ff72556ef80 (Unity) RunAssetImporterV2
0x00007ff725076e8e (Unity) Application::InitializeProject
0x00007ff725482027 (Unity) WinMain
0x00007ff726fe0fb2 (Unity) __scrt_common_main_seh
0x00007fffa7d66fd4 (KERNEL32) BaseThreadInitThunk
0x00007fffa93bcec1 (ntdll) RtlUserThreadStart

Unloading broken assembly Library/ScriptAssemblies/Unity.Mobile.AndroidLogcat.Editor.dll, this assembly can cause crashes in the runtime
0x00007ff724c8377c (Unity) StackWalker::GetCurrentCallstack
0x00007ff724c89919 (Unity) StackWalker::ShowCallstack
0x00007ff7254788f3 (Unity) GetStacktrace
0x00007ff7263710ba (Unity) DebugStringToFile
0x00007ff724ba6b0f (Unity) MonoManager::SetupLoadedEditorAssemblies
0x00007ff724b9e355 (Unity) MonoManager::EndReloadAssembly
0x00007ff724ba509d (Unity) MonoManager::ReloadAssembly
0x00007ff72533ce92 (Unity) LoadDomainAndUserAssemblies
0x00007ff72533d24c (Unity) LoadUserAssemblies
0x00007ff725544fa8 (Unity) <lambda_15c8da1c90a30e86cd2096f929d4dd2f>::operator()
0x00007ff7255c9d12 (Unity) asio::detail::completion_handler<core::mutable_function<void __cdecl(void)> >::do_complete
0x00007ff7255cbf80 (Unity) asio::detail::win_iocp_io_service::do_one
0x00007ff7255cf66e (Unity) asio::io_service::run
0x00007ff72556ef2a (Unity) RunAssetImportWorkerClientV2
0x00007ff72556ef80 (Unity) RunAssetImporterV2
0x00007ff725076e8e (Unity) Application::InitializeProject
0x00007ff725482027 (Unity) WinMain
0x00007ff726fe0fb2 (Unity) __scrt_common_main_seh
0x00007fffa7d66fd4 (KERNEL32) BaseThreadInitThunk
0x00007fffa93bcec1 (ntdll) RtlUserThreadStart

Native extension for WindowsStandalone target not found
Refreshing native plugins compatible for Editor in 1.54 ms, found 2 plugins.
Preloading 0 native plugins for Editor in 0.00 ms.
Mono: successfully reloaded assembly
- Completed reload, in  1.319 seconds
Platform modules already initialized, skipping
Switching build target platform(19) subTarget(0) extendedPlatform(0) -> platform(13) subTarget(537395200) extendedPlatform(0)
Refreshing native plugins compatible for Editor in 1.23 ms, found 2 plugins.
Preloading 0 native plugins for Editor in 0.00 ms.
Unloading 3437 Unused Serialized files (Serialized files now loaded: 0)
System memory in use before: 149.2 MB.
System memory in use after: 149.4 MB.

Unloading 25 unused Assets to reduce memory usage. Loaded Objects now: 4052.
Total: 5.844700 ms (FindLiveObjects: 0.940600 ms CreateObjectMapping: 0.202300 ms MarkObjects: 4.640700 ms  DeleteObjects: 0.057700 ms)

AssetImportParameters requested are different than current active one (requested -> active):
  custom:graphics/normal-map-encoding: 01000000000000000000000000000000 -> 02000000000000000000000000000000
AssetImportWorkerClient::OnTransportError - code=2 error=End of file
