Using pre-set license
Built from 'trunk' branch; Version is '2021.2.0a9 (5be3997fdbde) revision 6022041'; Using compiler version '192829333'; Build Type 'Release'
OS: 'Windows 10 Pro; OS build 19042.928; Version 2009; 64bit' Language: 'ru' Physical Memory: 8051 MB
BatchMode: 1, IsHumanControllingUs: 0, StartBugReporterOnCrash: 0, Is64bit: 1, IsPro: 0

 COMMAND LINE ARGUMENTS:
C:\Program Files\Unity\Hub\Editor\2021.2.0a9\Editor\Unity.exe
-adb2
-batchMode
-noUpm
-name
AssetImportWorker2
-projectPath
A:/Projects/Get-Alive-or-Rich
-logFile
Logs/AssetImportWorker2.log
-srvPort
51049
Successfully changed project path to: A:/Projects/Get-Alive-or-Rich
A:/Projects/Get-Alive-or-Rich
Using Asset Import Pipeline V2.
Refreshing native plugins compatible for Editor in 81.57 ms, found 2 plugins.
Preloading 0 native plugins for Editor in 0.00 ms.
Initialize engine version: 2021.2.0a9 (5be3997fdbde)
[Subsystems] Discovering subsystems at path C:/Program Files/Unity/Hub/Editor/2021.2.0a9/Editor/Data/Resources/UnitySubsystems
[Subsystems] Discovering subsystems at path A:/Projects/Get-Alive-or-Rich/Assets
GfxDevice: creating device client; threaded=0; jobified=0
Direct3D:
    Version:  Direct3D 11.0 [level 11.1]
    Renderer: NVIDIA GeForce GTX 1050 Ti (ID=0x1c8c)
    Vendor:   NVIDIA
    VRAM:     4018 MB
    Driver:   27.21.14.6589
Initialize mono
Mono path[0] = 'C:/Program Files/Unity/Hub/Editor/2021.2.0a9/Editor/Data/Managed'
Mono path[1] = 'C:/Program Files/Unity/Hub/Editor/2021.2.0a9/Editor/Data/MonoBleedingEdge/lib/mono/unityjit'
Mono config path = 'C:/Program Files/Unity/Hub/Editor/2021.2.0a9/Editor/Data/MonoBleedingEdge/etc'
Using monoOptions --debugger-agent=transport=dt_socket,embedding=1,server=y,suspend=n,address=127.0.0.1:56688
Begin MonoManager ReloadAssembly
Registering precompiled unity dll's ...
Register platform support module: C:/Program Files/Unity/Hub/Editor/2021.2.0a9/Editor/Data/PlaybackEngines/WindowsStandaloneSupport/UnityEditor.WindowsStandalone.Extensions.dll
Registered in 0.001939 seconds.
Native extension for WindowsStandalone target not found
Refreshing native plugins compatible for Editor in 113.50 ms, found 2 plugins.
Preloading 0 native plugins for Editor in 0.00 ms.
Mono: successfully reloaded assembly
- Completed reload, in  1.664 seconds
Platform modules already initialized, skipping
Registering precompiled user dll's ...
Registered in 0.002748 seconds.
Begin MonoManager ReloadAssembly
Native extension for WindowsStandalone target not found
Refreshing native plugins compatible for Editor in 79.04 ms, found 2 plugins.
Preloading 0 native plugins for Editor in 0.00 ms.
Mono: successfully reloaded assembly
- Completed reload, in  1.141 seconds
Platform modules already initialized, skipping
========================================================================
Worker process is ready to serve import requests
Launched and connected shader compiler UnityShaderCompiler.exe after 0.07 seconds
Refreshing native plugins compatible for Editor in 0.73 ms, found 2 plugins.
Preloading 0 native plugins for Editor in 0.00 ms.
Unloading 3473 Unused Serialized files (Serialized files now loaded: 0)
System memory in use before: 130.9 MB.
System memory in use after: 131.2 MB.

Unloading 37 unused Assets to reduce memory usage. Loaded Objects now: 3923.
Total: 2.464800 ms (FindLiveObjects: 0.254000 ms CreateObjectMapping: 0.162200 ms MarkObjects: 1.986800 ms  DeleteObjects: 0.060700 ms)

AssetImportParameters requested are different than current active one (requested -> active):
  custom:framework-win-MediaFoundation: 216162199b28c13a410421893ffa2e32 -> 
  custom:video-decoder-ogg-theora: a1e56fd34408186e4bbccfd4996cb3dc -> 
  custom:container-muxer-webm: aa71ff27fc2769a1b78a27578f13a17b -> 
  custom:container-demuxer-webm: 4f35f7cbe854078d1ac9338744f61a02 -> 
  custom:video-encoder-webm-vp8: eb34c28f22e8b96e1ab97ce403110664 -> 
  custom:container-demuxer-ogg: 62fdf1f143b41e24485cea50d1cbac27 -> 
  custom:audio-decoder-ogg-vorbis: bf7c407c2cedff20999df2af8eb42d56 -> 
  custom:video-decoder-webm-vp8: 9c59270c3fd7afecdb556c50c9e8de78 -> 
  custom:audio-encoder-webm-vorbis: bf7c407c2cedff20999df2af8eb42d56 -> 
========================================================================
Received Import Request.
  path: Assets/Jewels/Prefabs/orange.prefab
  artifactKey: Guid(d04002cc033dec047914e0efa1cdfff7) Importer(815301076,1909f56bfc062723c751e8b465ee728b)
Start importing Assets/Jewels/Prefabs/orange.prefab using Guid(d04002cc033dec047914e0efa1cdfff7) Importer(815301076,1909f56bfc062723c751e8b465ee728b)  -> (artifact id: '390a2102bdb65dbb4d986f5334fa36c5') in 0.214152 seconds 
========================================================================
Received Import Request.
  Time since last request: 0.000614 seconds.
  path: Assets/Jewels/Prefabs/bblluuee.prefab
  artifactKey: Guid(2c0a1f3cd002d8d4cbc56c2feec3d7b9) Importer(815301076,1909f56bfc062723c751e8b465ee728b)
Start importing Assets/Jewels/Prefabs/bblluuee.prefab using Guid(2c0a1f3cd002d8d4cbc56c2feec3d7b9) Importer(815301076,1909f56bfc062723c751e8b465ee728b)  -> (artifact id: '1bdc5dc1b728679a130c39e751ce11e8') in 0.051466 seconds 
========================================================================
Received Import Request.
  Time since last request: 0.000318 seconds.
  path: Assets/Jewels/Prefabs/purple.prefab
  artifactKey: Guid(26142e34930ede045ae6abca1a9e23ca) Importer(815301076,1909f56bfc062723c751e8b465ee728b)
Start importing Assets/Jewels/Prefabs/purple.prefab using Guid(26142e34930ede045ae6abca1a9e23ca) Importer(815301076,1909f56bfc062723c751e8b465ee728b)  -> (artifact id: '7082f7cb833c97f256a3bf3c0b4837b3') in 0.071971 seconds 
========================================================================
Received Import Request.
  Time since last request: 0.000693 seconds.
  path: Assets/Jewels/Prefabs/blue.prefab
  artifactKey: Guid(4bdd235d1588a474197739ac68b201bb) Importer(815301076,1909f56bfc062723c751e8b465ee728b)
Start importing Assets/Jewels/Prefabs/blue.prefab using Guid(4bdd235d1588a474197739ac68b201bb) Importer(815301076,1909f56bfc062723c751e8b465ee728b)  -> (artifact id: '05c4c972ec10ce0182fe7a96de226e14') in 0.102918 seconds 
========================================================================
Received Import Request.
  Time since last request: 0.000297 seconds.
  path: Assets/Jewels/Prefabs/red.prefab
  artifactKey: Guid(727dcad298c568646ae3313d7092b3cd) Importer(815301076,1909f56bfc062723c751e8b465ee728b)
Start importing Assets/Jewels/Prefabs/red.prefab using Guid(727dcad298c568646ae3313d7092b3cd) Importer(815301076,1909f56bfc062723c751e8b465ee728b)  -> (artifact id: '5ecff2053aed217ec2e5d23bef68f196') in 0.048731 seconds 
========================================================================
Received Import Request.
  Time since last request: 0.000336 seconds.
  path: Assets/Jewels/Prefabs/yellow.prefab
  artifactKey: Guid(07d978cedf23e6a45af7c9fdfccbd253) Importer(815301076,1909f56bfc062723c751e8b465ee728b)
Start importing Assets/Jewels/Prefabs/yellow.prefab using Guid(07d978cedf23e6a45af7c9fdfccbd253) Importer(815301076,1909f56bfc062723c751e8b465ee728b)  -> (artifact id: '2eaa7c5ca5f464250f030d8bb64dc447') in 0.057169 seconds 
========================================================================
Received Import Request.
  Time since last request: 0.000274 seconds.
  path: Assets/Jewels/Prefabs/green.prefab
  artifactKey: Guid(e43c1ea27ce68b04bbb3277585499c78) Importer(815301076,1909f56bfc062723c751e8b465ee728b)
Start importing Assets/Jewels/Prefabs/green.prefab using Guid(e43c1ea27ce68b04bbb3277585499c78) Importer(815301076,1909f56bfc062723c751e8b465ee728b)  -> (artifact id: '907111718031888e685d79bc9c71c285') in 0.051545 seconds 
========================================================================
Received Prepare
Refreshing native plugins compatible for Editor in 469.05 ms, found 2 plugins.
Preloading 0 native plugins for Editor in 0.00 ms.
Unloading 23 Unused Serialized files (Serialized files now loaded: 0)
System memory in use before: 67.4 MB.
System memory in use after: 67.7 MB.

Unloading 23 unused Assets to reduce memory usage. Loaded Objects now: 3930.
Total: 70.122000 ms (FindLiveObjects: 1.039700 ms CreateObjectMapping: 0.161600 ms MarkObjects: 68.846700 ms  DeleteObjects: 0.072500 ms)

AssetImportParameters requested are different than current active one (requested -> active):
  custom:framework-win-MediaFoundation: 216162199b28c13a410421893ffa2e32 -> 
  custom:video-decoder-ogg-theora: a1e56fd34408186e4bbccfd4996cb3dc -> 
  custom:container-muxer-webm: aa71ff27fc2769a1b78a27578f13a17b -> 
  custom:container-demuxer-webm: 4f35f7cbe854078d1ac9338744f61a02 -> 
  custom:video-encoder-webm-vp8: eb34c28f22e8b96e1ab97ce403110664 -> 
  custom:container-demuxer-ogg: 62fdf1f143b41e24485cea50d1cbac27 -> 
  custom:audio-decoder-ogg-vorbis: bf7c407c2cedff20999df2af8eb42d56 -> 
  custom:video-decoder-webm-vp8: 9c59270c3fd7afecdb556c50c9e8de78 -> 
  custom:audio-encoder-webm-vorbis: bf7c407c2cedff20999df2af8eb42d56 -> 
AssetImportWorkerClient::OnTransportError - code=2 error=End of file
