Using pre-set license
Built from 'trunk' branch; Version is '2021.2.0a14 (462ae11b66db) revision 4598497'; Using compiler version '192829333'; Build Type 'Release'
OS: 'Windows 10 Pro; OS build 19042.928; Version 2009; 64bit' Language: 'ru' Physical Memory: 8051 MB
BatchMode: 1, IsHumanControllingUs: 0, StartBugReporterOnCrash: 0, Is64bit: 1, IsPro: 0

 COMMAND LINE ARGUMENTS:
A:\ProgF\Unity\2021.2.0a14\Editor\Unity.exe
-adb2
-batchMode
-noUpm
-name
AssetImportWorker1
-projectPath
A:/Get-Alive-or-Rich/Get-Alive-or-Rich
-logFile
Logs/AssetImportWorker1.log
-srvPort
49957
Successfully changed project path to: A:/Get-Alive-or-Rich/Get-Alive-or-Rich
A:/Get-Alive-or-Rich/Get-Alive-or-Rich
Using Asset Import Pipeline V2.
Refreshing native plugins compatible for Editor in 753.18 ms, found 2 plugins.
Preloading 0 native plugins for Editor in 0.00 ms.
Initialize engine version: 2021.2.0a14 (462ae11b66db)
[Subsystems] Discovering subsystems at path A:/ProgF/Unity/2021.2.0a14/Editor/Data/Resources/UnitySubsystems
[Subsystems] Discovering subsystems at path A:/Get-Alive-or-Rich/Get-Alive-or-Rich/Assets
GfxDevice: creating device client; threaded=0; jobified=0
Direct3D:
    Version:  Direct3D 11.0 [level 11.1]
    Renderer: NVIDIA GeForce GTX 1050 Ti (ID=0x1c8c)
    Vendor:   NVIDIA
    VRAM:     4018 MB
    Driver:   27.21.14.6589
Initialize mono
Mono path[0] = 'A:/ProgF/Unity/2021.2.0a14/Editor/Data/Managed'
Mono path[1] = 'A:/ProgF/Unity/2021.2.0a14/Editor/Data/MonoBleedingEdge/lib/mono/unityjit'
Mono config path = 'A:/ProgF/Unity/2021.2.0a14/Editor/Data/MonoBleedingEdge/etc'
Using monoOptions --debugger-agent=transport=dt_socket,embedding=1,server=y,suspend=n,address=127.0.0.1:56600
Begin MonoManager ReloadAssembly
