Using pre-set license
Built from 'trunk' branch; Version is '2021.2.0a9 (5be3997fdbde) revision 6022041'; Using compiler version '192829333'; Build Type 'Release'
OS: 'Windows 10 Pro; OS build 19042.928; Version 2009; 64bit' Language: 'ru' Physical Memory: 8051 MB
BatchMode: 1, IsHumanControllingUs: 0, StartBugReporterOnCrash: 0, Is64bit: 1, IsPro: 0

 COMMAND LINE ARGUMENTS:
C:\Program Files\Unity\Hub\Editor\2021.2.0a9\Editor\Unity.exe
-adb2
-batchMode
-noUpm
-name
AssetImportWorker1
-projectPath
A:/Projects/Get-Alive-or-Rich
-logFile
Logs/AssetImportWorker1.log
-srvPort
50025
Successfully changed project path to: A:/Projects/Get-Alive-or-Rich
A:/Projects/Get-Alive-or-Rich
Using Asset Import Pipeline V2.
Refreshing native plugins compatible for Editor in 140.07 ms, found 2 plugins.
Preloading 0 native plugins for Editor in 0.00 ms.
Initialize engine version: 2021.2.0a9 (5be3997fdbde)
[Subsystems] Discovering subsystems at path C:/Program Files/Unity/Hub/Editor/2021.2.0a9/Editor/Data/Resources/UnitySubsystems
[Subsystems] Discovering subsystems at path A:/Projects/Get-Alive-or-Rich/Assets
GfxDevice: creating device client; threaded=0; jobified=0
Direct3D:
    Version:  Direct3D 11.0 [level 11.1]
    Renderer: NVIDIA GeForce GTX 1050 Ti (ID=0x1c8c)
    Vendor:   NVIDIA
    VRAM:     4018 MB
    Driver:   27.21.14.6589
Initialize mono
Mono path[0] = 'C:/Program Files/Unity/Hub/Editor/2021.2.0a9/Editor/Data/Managed'
Mono path[1] = 'C:/Program Files/Unity/Hub/Editor/2021.2.0a9/Editor/Data/MonoBleedingEdge/lib/mono/unityjit'
Mono config path = 'C:/Program Files/Unity/Hub/Editor/2021.2.0a9/Editor/Data/MonoBleedingEdge/etc'
Using monoOptions --debugger-agent=transport=dt_socket,embedding=1,server=y,suspend=n,address=127.0.0.1:56780
Begin MonoManager ReloadAssembly
Registering precompiled unity dll's ...
Register platform support module: C:/Program Files/Unity/Hub/Editor/2021.2.0a9/Editor/Data/PlaybackEngines/WindowsStandaloneSupport/UnityEditor.WindowsStandalone.Extensions.dll
Registered in 0.002970 seconds.
Native extension for WindowsStandalone target not found
Refreshing native plugins compatible for Editor in 207.18 ms, found 2 plugins.
Preloading 0 native plugins for Editor in 0.00 ms.
Mono: successfully reloaded assembly
- Completed reload, in  2.932 seconds
Platform modules already initialized, skipping
Registering precompiled user dll's ...
Registered in 0.005507 seconds.
Begin MonoManager ReloadAssembly
Native extension for WindowsStandalone target not found
Refreshing native plugins compatible for Editor in 156.31 ms, found 2 plugins.
Preloading 0 native plugins for Editor in 0.00 ms.
Mono: successfully reloaded assembly
- Completed reload, in  6.932 seconds
Platform modules already initialized, skipping
========================================================================
Worker process is ready to serve import requests
Launched and connected shader compiler UnityShaderCompiler.exe after 0.19 seconds
Refreshing native plugins compatible for Editor in 1.11 ms, found 2 plugins.
Preloading 0 native plugins for Editor in 0.00 ms.
Unloading 3475 Unused Serialized files (Serialized files now loaded: 0)
System memory in use before: 131.4 MB.
System memory in use after: 131.6 MB.

Unloading 37 unused Assets to reduce memory usage. Loaded Objects now: 3928.
Total: 4.203400 ms (FindLiveObjects: 0.429100 ms CreateObjectMapping: 0.278200 ms MarkObjects: 3.350300 ms  DeleteObjects: 0.144700 ms)

AssetImportParameters requested are different than current active one (requested -> active):
  custom:framework-win-MediaFoundation: 216162199b28c13a410421893ffa2e32 -> 
  custom:video-decoder-ogg-theora: a1e56fd34408186e4bbccfd4996cb3dc -> 
  custom:container-muxer-webm: aa71ff27fc2769a1b78a27578f13a17b -> 
  custom:container-demuxer-webm: 4f35f7cbe854078d1ac9338744f61a02 -> 
  custom:video-encoder-webm-vp8: eb34c28f22e8b96e1ab97ce403110664 -> 
  custom:container-demuxer-ogg: 62fdf1f143b41e24485cea50d1cbac27 -> 
  custom:audio-decoder-ogg-vorbis: bf7c407c2cedff20999df2af8eb42d56 -> 
  custom:video-decoder-webm-vp8: 9c59270c3fd7afecdb556c50c9e8de78 -> 
  custom:audio-encoder-webm-vorbis: bf7c407c2cedff20999df2af8eb42d56 -> 
========================================================================
Received Import Request.
  path: Assets/Main/Sprites/Snag.png
  artifactKey: Guid(9482817143ca6674ab418297717e4032) Importer(815301076,1909f56bfc062723c751e8b465ee728b)
Start importing Assets/Main/Sprites/Snag.png using Guid(9482817143ca6674ab418297717e4032) Importer(815301076,1909f56bfc062723c751e8b465ee728b)  -> (artifact id: 'ccdd21e9ffd8d93d3ffb62be11653325') in 0.750356 seconds 
========================================================================
Received Import Request.
  Time since last request: 0.000420 seconds.
  path: Assets/Main/Sprites/nail.png
  artifactKey: Guid(7abd333997ebb9449adabf6a7985c0d9) Importer(815301076,1909f56bfc062723c751e8b465ee728b)
Start importing Assets/Main/Sprites/nail.png using Guid(7abd333997ebb9449adabf6a7985c0d9) Importer(815301076,1909f56bfc062723c751e8b465ee728b)  -> (artifact id: '276af40b212440108aba93231dadb248') in 0.276734 seconds 
========================================================================
Received Import Request.
  Time since last request: 0.000434 seconds.
  path: Assets/Main/Prefabs/Textures/Back_Dark.prefab
  artifactKey: Guid(d221e8900b3e65b458c5d1e14bbaeb89) Importer(815301076,1909f56bfc062723c751e8b465ee728b)
Start importing Assets/Main/Prefabs/Textures/Back_Dark.prefab using Guid(d221e8900b3e65b458c5d1e14bbaeb89) Importer(815301076,1909f56bfc062723c751e8b465ee728b)  -> (artifact id: '96ce4ebee7bc9f4ee27a2a6765117edd') in 0.121635 seconds 
========================================================================
Received Import Request.
  Time since last request: 0.000599 seconds.
  path: Assets/Main/Prefabs/Textures/ring (1).prefab
  artifactKey: Guid(9c430ea3dd6635747bbcd5c70ebfe11f) Importer(815301076,1909f56bfc062723c751e8b465ee728b)
Start importing Assets/Main/Prefabs/Textures/ring (1).prefab using Guid(9c430ea3dd6635747bbcd5c70ebfe11f) Importer(815301076,1909f56bfc062723c751e8b465ee728b)  -> (artifact id: '23d3d29f4dd77be46f0b0e23dc494ace') in 0.074738 seconds 
========================================================================
Received Import Request.
  Time since last request: 0.000483 seconds.
  path: Assets/Main/Sprites/Back_Medium.png
  artifactKey: Guid(a78fecd56039637478c5331dcba244f0) Importer(815301076,1909f56bfc062723c751e8b465ee728b)
Start importing Assets/Main/Sprites/Back_Medium.png using Guid(a78fecd56039637478c5331dcba244f0) Importer(815301076,1909f56bfc062723c751e8b465ee728b)  -> (artifact id: 'c45147b9f3f4bf0031791b25a9c7801f') in 0.265201 seconds 
========================================================================
Received Import Request.
  Time since last request: 0.000596 seconds.
  path: Assets/Main/Sprites/smoke-sprite.png
  artifactKey: Guid(511e780340da41f40b1228cb204c1dd5) Importer(815301076,1909f56bfc062723c751e8b465ee728b)
Start importing Assets/Main/Sprites/smoke-sprite.png using Guid(511e780340da41f40b1228cb204c1dd5) Importer(815301076,1909f56bfc062723c751e8b465ee728b)  -> (artifact id: '94fb07d45e6135c73f05e5d4e9fb6483') in 0.075855 seconds 
========================================================================
Received Import Request.
  Time since last request: 0.000561 seconds.
  path: Assets/Main/Prefabs/Textures/ring.prefab
  artifactKey: Guid(3e9e9b8ee4176ef4798991b573dedf81) Importer(815301076,1909f56bfc062723c751e8b465ee728b)
Start importing Assets/Main/Prefabs/Textures/ring.prefab using Guid(3e9e9b8ee4176ef4798991b573dedf81) Importer(815301076,1909f56bfc062723c751e8b465ee728b)  -> (artifact id: 'a21f7ebe812c406606e95ded6ff5ec18') in 0.071457 seconds 
========================================================================
Received Import Request.
  Time since last request: 0.000688 seconds.
  path: Assets/Main/Prefabs/Textures/Snag.prefab
  artifactKey: Guid(f351bfacc6ebb5849a797e986da4d796) Importer(815301076,1909f56bfc062723c751e8b465ee728b)
Start importing Assets/Main/Prefabs/Textures/Snag.prefab using Guid(f351bfacc6ebb5849a797e986da4d796) Importer(815301076,1909f56bfc062723c751e8b465ee728b)  -> (artifact id: '4b03fa36e89ef69d4d6e3f4f5b2d24f2') in 0.068527 seconds 
========================================================================
Received Import Request.
  Time since last request: 0.000449 seconds.
  path: Assets/Main/Sprites/Back_All.png
  artifactKey: Guid(ea3c84d664902ec4fa0234f7332c2250) Importer(815301076,1909f56bfc062723c751e8b465ee728b)
Start importing Assets/Main/Sprites/Back_All.png using Guid(ea3c84d664902ec4fa0234f7332c2250) Importer(815301076,1909f56bfc062723c751e8b465ee728b)  -> (artifact id: '94fe4cda6c7f9ee44809b5a6ce248806') in 0.257657 seconds 
========================================================================
Received Import Request.
  Time since last request: 0.000513 seconds.
  path: Assets/Main/Prefabs/Textures/Back_Medium.prefab
  artifactKey: Guid(c47192c42e7e71546a4bac6058213892) Importer(815301076,1909f56bfc062723c751e8b465ee728b)
Start importing Assets/Main/Prefabs/Textures/Back_Medium.prefab using Guid(c47192c42e7e71546a4bac6058213892) Importer(815301076,1909f56bfc062723c751e8b465ee728b)  -> (artifact id: 'cfb735cffac4aa0ccf6fb95f6191e267') in 0.076840 seconds 
========================================================================
Received Import Request.
  Time since last request: 0.000384 seconds.
  path: Assets/Main/Sprites/Back_Dark.png
  artifactKey: Guid(6ce8a96e63bb25d47bc39d8cbd9c2a91) Importer(815301076,1909f56bfc062723c751e8b465ee728b)
Start importing Assets/Main/Sprites/Back_Dark.png using Guid(6ce8a96e63bb25d47bc39d8cbd9c2a91) Importer(815301076,1909f56bfc062723c751e8b465ee728b)  -> (artifact id: '6aa177df47c81dd49cc21528ff651df0') in 0.223708 seconds 
========================================================================
Received Import Request.
  Time since last request: 0.000480 seconds.
  path: Assets/Main/Sprites/ring.png
  artifactKey: Guid(e50b4eb1fe0386d4c828b6d1e5a93058) Importer(815301076,1909f56bfc062723c751e8b465ee728b)
Start importing Assets/Main/Sprites/ring.png using Guid(e50b4eb1fe0386d4c828b6d1e5a93058) Importer(815301076,1909f56bfc062723c751e8b465ee728b)  -> (artifact id: '1bb33ea09812890d1fb1df79ef88b3b8') in 0.225306 seconds 
========================================================================
Received Import Request.
  Time since last request: 0.000393 seconds.
  path: Assets/Main/Animations/Ring/Ring.anim
  artifactKey: Guid(b0f7a81da22f6b544be8211c41d43a92) Importer(815301076,1909f56bfc062723c751e8b465ee728b)
Start importing Assets/Main/Animations/Ring/Ring.anim using Guid(b0f7a81da22f6b544be8211c41d43a92) Importer(815301076,1909f56bfc062723c751e8b465ee728b)  -> (artifact id: '2240929c2b676c3261e4595c620a4d57') in 0.022964 seconds 
========================================================================
Received Import Request.
  Time since last request: 0.000406 seconds.
  path: Assets/Main/Prefabs/Buttons/Play.prefab
  artifactKey: Guid(1238bb2712064bf459b2fe55e9bdd405) Importer(815301076,1909f56bfc062723c751e8b465ee728b)
Start importing Assets/Main/Prefabs/Buttons/Play.prefab using Guid(1238bb2712064bf459b2fe55e9bdd405) Importer(815301076,1909f56bfc062723c751e8b465ee728b)  -> (artifact id: 'e9b98622b29d9d5b2dc53c93b8c730b1') in 0.039964 seconds 
========================================================================
Received Import Request.
  Time since last request: 0.000622 seconds.
  path: Assets/Main/Prefabs/Buttons/Canvas.prefab
  artifactKey: Guid(80b29c1f62beea14e8f3a7ec00b4be76) Importer(815301076,1909f56bfc062723c751e8b465ee728b)
Start importing Assets/Main/Prefabs/Buttons/Canvas.prefab using Guid(80b29c1f62beea14e8f3a7ec00b4be76) Importer(815301076,1909f56bfc062723c751e8b465ee728b)  -> (artifact id: '1a07353726edfd3174c850080d0ae39d') in 0.026141 seconds 
========================================================================
Received Import Request.
  Time since last request: 0.000474 seconds.
  path: Assets/Main/Prefabs/Textures/smoke-sprite.prefab
  artifactKey: Guid(4e31b1763f4c95049827b9adc9161e58) Importer(815301076,1909f56bfc062723c751e8b465ee728b)
Start importing Assets/Main/Prefabs/Textures/smoke-sprite.prefab using Guid(4e31b1763f4c95049827b9adc9161e58) Importer(815301076,1909f56bfc062723c751e8b465ee728b)  -> (artifact id: '51fe653b1c6549cb11b061b242ebf9df') in 0.028438 seconds 
========================================================================
Received Import Request.
  Time since last request: 5.279887 seconds.
  path: Assets/Jewels/Jewel sprites/background-1.png
  artifactKey: Guid(a590fc0e0f8a03e4ea0392055d195882) Importer(815301076,1909f56bfc062723c751e8b465ee728b)
Start importing Assets/Jewels/Jewel sprites/background-1.png using Guid(a590fc0e0f8a03e4ea0392055d195882) Importer(815301076,1909f56bfc062723c751e8b465ee728b)  -> (artifact id: '10658d904f6a2e5e7082e3c528214483') in 0.184256 seconds 
========================================================================
Received Import Request.
  Time since last request: 0.000417 seconds.
  path: Assets/Jewels/Jewel sprites/purple.png
  artifactKey: Guid(f3a8ff6ab8973c24a975ffbd6191435c) Importer(815301076,1909f56bfc062723c751e8b465ee728b)
Start importing Assets/Jewels/Jewel sprites/purple.png using Guid(f3a8ff6ab8973c24a975ffbd6191435c) Importer(815301076,1909f56bfc062723c751e8b465ee728b)  -> (artifact id: 'd90eff5e835cccb38303f26727b0ba2c') in 0.187139 seconds 
========================================================================
Received Import Request.
  Time since last request: 0.000420 seconds.
  path: Assets/Jewels/Jewel sprites/orange.png
  artifactKey: Guid(fad74a4a6c9eb1b4c89b3e5e176e3177) Importer(815301076,1909f56bfc062723c751e8b465ee728b)
Start importing Assets/Jewels/Jewel sprites/orange.png using Guid(fad74a4a6c9eb1b4c89b3e5e176e3177) Importer(815301076,1909f56bfc062723c751e8b465ee728b)  -> (artifact id: '76f9a7a624fb41125edd8d96e4db061b') in 0.163490 seconds 
========================================================================
Received Import Request.
  Time since last request: 0.000464 seconds.
  path: Assets/Jewels/Jewel sprites/green.png
  artifactKey: Guid(37dc55238cd9d064882b2aa20efea41f) Importer(815301076,1909f56bfc062723c751e8b465ee728b)
Start importing Assets/Jewels/Jewel sprites/green.png using Guid(37dc55238cd9d064882b2aa20efea41f) Importer(815301076,1909f56bfc062723c751e8b465ee728b)  -> (artifact id: '231b5e24dececf4058f7c573630d3d74') in 0.155062 seconds 
========================================================================
Received Import Request.
  Time since last request: 0.000414 seconds.
  path: Assets/Jewels/Jewel sprites/red.png
  artifactKey: Guid(5cb4c785afaccdb4585de5d1af22ddca) Importer(815301076,1909f56bfc062723c751e8b465ee728b)
Start importing Assets/Jewels/Jewel sprites/red.png using Guid(5cb4c785afaccdb4585de5d1af22ddca) Importer(815301076,1909f56bfc062723c751e8b465ee728b)  -> (artifact id: '40e9ac03d0f6d4f62cfed0b22d9a6919') in 0.155640 seconds 
========================================================================
Received Import Request.
  Time since last request: 0.000555 seconds.
  path: Assets/Jewels/Jewel sprites/кристаллы3 - простые-1.png
  artifactKey: Guid(c5b4f28bd27a42f4b8ffabbd35cbd542) Importer(815301076,1909f56bfc062723c751e8b465ee728b)
Start importing Assets/Jewels/Jewel sprites/кристаллы3 - простые-1.png using Guid(c5b4f28bd27a42f4b8ffabbd35cbd542) Importer(815301076,1909f56bfc062723c751e8b465ee728b)  -> (artifact id: '6583e06505a9929a907b8ac6d5f163ee') in 0.145211 seconds 
========================================================================
Received Import Request.
  Time since last request: 0.000484 seconds.
  path: Assets/Jewels/Jewel sprites/vertical-1.png
  artifactKey: Guid(1ae512e3a11c9c74ba6875a060f0b736) Importer(815301076,1909f56bfc062723c751e8b465ee728b)
Start importing Assets/Jewels/Jewel sprites/vertical-1.png using Guid(1ae512e3a11c9c74ba6875a060f0b736) Importer(815301076,1909f56bfc062723c751e8b465ee728b)  -> (artifact id: '399ce87a5758e032dda57928d15a70ce') in 0.365028 seconds 
========================================================================
Received Import Request.
  Time since last request: 0.000335 seconds.
  path: Assets/Jewels/Jewel sprites/playground-1.png
  artifactKey: Guid(054d002072a18ec45804c51530ff738c) Importer(815301076,1909f56bfc062723c751e8b465ee728b)
Start importing Assets/Jewels/Jewel sprites/playground-1.png using Guid(054d002072a18ec45804c51530ff738c) Importer(815301076,1909f56bfc062723c751e8b465ee728b)  -> (artifact id: '2855d7852ae3ef211a3bdd411bb9bf08') in 0.304722 seconds 
========================================================================
Received Import Request.
  Time since last request: 0.000359 seconds.
  path: Assets/Jewels/Prefabs/orange.prefab
  artifactKey: Guid(d04002cc033dec047914e0efa1cdfff7) Importer(815301076,1909f56bfc062723c751e8b465ee728b)
Start importing Assets/Jewels/Prefabs/orange.prefab using Guid(d04002cc033dec047914e0efa1cdfff7) Importer(815301076,1909f56bfc062723c751e8b465ee728b)  -> (artifact id: '796683b8eee3dc1d78537e7090ac69b7') in 0.076129 seconds 
========================================================================
Received Import Request.
  Time since last request: 0.000515 seconds.
  path: Assets/Jewels/Prefabs/bblluuee.prefab
  artifactKey: Guid(2c0a1f3cd002d8d4cbc56c2feec3d7b9) Importer(815301076,1909f56bfc062723c751e8b465ee728b)
Start importing Assets/Jewels/Prefabs/bblluuee.prefab using Guid(2c0a1f3cd002d8d4cbc56c2feec3d7b9) Importer(815301076,1909f56bfc062723c751e8b465ee728b)  -> (artifact id: 'aa5900d8c68f95c115d35e2a627c8d4c') in 0.053599 seconds 
========================================================================
Received Import Request.
  Time since last request: 0.000464 seconds.
  path: Assets/Jewels/Prefabs/purple.prefab
  artifactKey: Guid(26142e34930ede045ae6abca1a9e23ca) Importer(815301076,1909f56bfc062723c751e8b465ee728b)
Start importing Assets/Jewels/Prefabs/purple.prefab using Guid(26142e34930ede045ae6abca1a9e23ca) Importer(815301076,1909f56bfc062723c751e8b465ee728b)  -> (artifact id: '1704872be767419569c19a9070300ca8') in 0.052545 seconds 
========================================================================
Received Import Request.
  Time since last request: 0.000336 seconds.
  path: Assets/Jewels/Prefabs/blue.prefab
  artifactKey: Guid(4bdd235d1588a474197739ac68b201bb) Importer(815301076,1909f56bfc062723c751e8b465ee728b)
Start importing Assets/Jewels/Prefabs/blue.prefab using Guid(4bdd235d1588a474197739ac68b201bb) Importer(815301076,1909f56bfc062723c751e8b465ee728b)  -> (artifact id: 'b061374c5dc0720540336d31cc1db775') in 0.057673 seconds 
========================================================================
Received Import Request.
  Time since last request: 0.000422 seconds.
  path: Assets/Jewels/Prefabs/red.prefab
  artifactKey: Guid(727dcad298c568646ae3313d7092b3cd) Importer(815301076,1909f56bfc062723c751e8b465ee728b)
Start importing Assets/Jewels/Prefabs/red.prefab using Guid(727dcad298c568646ae3313d7092b3cd) Importer(815301076,1909f56bfc062723c751e8b465ee728b)  -> (artifact id: '2732ad2b82a2d1c75b2f61704f167fd4') in 0.047617 seconds 
========================================================================
Received Import Request.
  Time since last request: 0.000487 seconds.
  path: Assets/Jewels/Prefabs/yellow.prefab
  artifactKey: Guid(07d978cedf23e6a45af7c9fdfccbd253) Importer(815301076,1909f56bfc062723c751e8b465ee728b)
Start importing Assets/Jewels/Prefabs/yellow.prefab using Guid(07d978cedf23e6a45af7c9fdfccbd253) Importer(815301076,1909f56bfc062723c751e8b465ee728b)  -> (artifact id: 'ec99de15dee60cad406fa7cbc8821e1d') in 0.067201 seconds 
========================================================================
Received Import Request.
  Time since last request: 0.000605 seconds.
  path: Assets/Jewels/Jewel sprites/yellow.png
  artifactKey: Guid(93d4261d1635d9f4db49c9574649c836) Importer(815301076,1909f56bfc062723c751e8b465ee728b)
Start importing Assets/Jewels/Jewel sprites/yellow.png using Guid(93d4261d1635d9f4db49c9574649c836) Importer(815301076,1909f56bfc062723c751e8b465ee728b)  -> (artifact id: '87f277010870a10044475da13ecf94d0') in 0.168058 seconds 
========================================================================
Received Import Request.
  Time since last request: 0.000542 seconds.
  path: Assets/Jewels/Jewel sprites/cyan.png
  artifactKey: Guid(52b0d0f94034eab4aba13dd36588a218) Importer(815301076,1909f56bfc062723c751e8b465ee728b)
Start importing Assets/Jewels/Jewel sprites/cyan.png using Guid(52b0d0f94034eab4aba13dd36588a218) Importer(815301076,1909f56bfc062723c751e8b465ee728b)  -> (artifact id: 'e386cedf552a38bf23fae43deb02b33b') in 0.164716 seconds 
========================================================================
Received Import Request.
  Time since last request: 0.000403 seconds.
  path: Assets/Jewels/Prefabs/green.prefab
  artifactKey: Guid(e43c1ea27ce68b04bbb3277585499c78) Importer(815301076,1909f56bfc062723c751e8b465ee728b)
Start importing Assets/Jewels/Prefabs/green.prefab using Guid(e43c1ea27ce68b04bbb3277585499c78) Importer(815301076,1909f56bfc062723c751e8b465ee728b)  -> (artifact id: '1511465362045c07efec8c9ff6781b2b') in 0.053327 seconds 
========================================================================
Received Import Request.
  Time since last request: 0.000437 seconds.
  path: Assets/Jewels/Jewel sprites/blue.png
  artifactKey: Guid(a1cb86b8fd6e2ae44a072f78c07c8b94) Importer(815301076,1909f56bfc062723c751e8b465ee728b)
Start importing Assets/Jewels/Jewel sprites/blue.png using Guid(a1cb86b8fd6e2ae44a072f78c07c8b94) Importer(815301076,1909f56bfc062723c751e8b465ee728b)  -> (artifact id: '1a171cd2761781f8b3b7da62f30c627b') in 0.170865 seconds 
========================================================================
Received Import Request.
  Time since last request: 21.560987 seconds.
  path: Assets/Jewels/Prefabs/Up.anim
  artifactKey: Guid(f2a355677ef16be4fa31d1d92997a902) Importer(815301076,1909f56bfc062723c751e8b465ee728b)
Start importing Assets/Jewels/Prefabs/Up.anim using Guid(f2a355677ef16be4fa31d1d92997a902) Importer(815301076,1909f56bfc062723c751e8b465ee728b)  -> (artifact id: '13afc3dfb66943f89a7bc4afc256c1b0') in 0.015103 seconds 
AssetImportWorkerClient::OnTransportError - code=2 error=End of file
